2024-11-06 12:01:08.180 [http-nio-8080-Poller] DEBUG o.apache.tomcat.util.net.NioEndpoint - timeout completed: keys processed=0; now=1730865668180; nextExpiration=1730865668180; keyCount=0; hasEvents=false; eval=false
2024-11-06 12:01:09.195 [http-nio-8080-Poller] DEBUG o.apache.tomcat.util.net.NioEndpoint - timeout completed: keys processed=0; now=1730865669195; nextExpiration=1730865669180; keyCount=0; hasEvents=false; eval=false
2024-11-06 12:01:10.206 [http-nio-8080-Poller] DEBUG o.apache.tomcat.util.net.NioEndpoint - timeout completed: keys processed=0; now=1730865670206; nextExpiration=1730865670195; keyCount=0; hasEvents=false; eval=false
2024-11-06 12:01:11.218 [http-nio-8080-Poller] DEBUG o.apache.tomcat.util.net.NioEndpoint - timeout completed: keys processed=0; now=1730865671218; nextExpiration=1730865671206; keyCount=0; hasEvents=false; eval=false
2024-11-06 12:01:12.230 [http-nio-8080-Poller] DEBUG o.apache.tomcat.util.net.NioEndpoint - timeout completed: keys processed=0; now=1730865672230; nextExpiration=1730865672218; keyCount=0; hasEvents=false; eval=false
2024-11-06 12:01:13.244 [http-nio-8080-Poller] DEBUG o.apache.tomcat.util.net.NioEndpoint - timeout completed: keys processed=0; now=1730865673244; nextExpiration=1730865673230; keyCount=0; hasEvents=false; eval=false
2024-11-06 12:01:14.253 [http-nio-8080-Poller] DEBUG o.apache.tomcat.util.net.NioEndpoint - timeout completed: keys processed=0; now=1730865674253; nextExpiration=1730865674244; keyCount=0; hasEvents=false; eval=false
2024-11-06 12:01:14.949 [http-nio-8080-Acceptor] DEBUG o.a.tomcat.util.threads.LimitLatch - Counting up[http-nio-8080-Acceptor] latch=1
2024-11-06 12:01:14.949 [http-nio-8080-Acceptor] DEBUG o.a.tomcat.util.threads.LimitLatch - Counting up[http-nio-8080-Acceptor] latch=2
2024-11-06 12:01:14.950 [http-nio-8080-exec-2] DEBUG o.a.coyote.http11.Http11NioProtocol - Processing socket [org.apache.tomcat.util.net.NioChannel@53ecea6a:java.nio.channels.SocketChannel[connected local=/0:0:0:0:0:0:0:1:8080 remote=/0:0:0:0:0:0:0:1:64397]] with status [OPEN_READ]
2024-11-06 12:01:14.950 [http-nio-8080-exec-2] DEBUG o.a.coyote.http11.Http11NioProtocol - Found processor [null] for socket [org.apache.tomcat.util.net.NioChannel@53ecea6a:java.nio.channels.SocketChannel[connected local=/0:0:0:0:0:0:0:1:8080 remote=/0:0:0:0:0:0:0:1:64397]]
2024-11-06 12:01:14.950 [http-nio-8080-exec-1] DEBUG o.a.coyote.http11.Http11NioProtocol - Processing socket [org.apache.tomcat.util.net.NioChannel@78fe01f3:java.nio.channels.SocketChannel[connected local=/0:0:0:0:0:0:0:1:8080 remote=/0:0:0:0:0:0:0:1:64396]] with status [OPEN_READ]
2024-11-06 12:01:14.950 [http-nio-8080-exec-1] DEBUG o.a.coyote.http11.Http11NioProtocol - Found processor [null] for socket [org.apache.tomcat.util.net.NioChannel@78fe01f3:java.nio.channels.SocketChannel[connected local=/0:0:0:0:0:0:0:1:8080 remote=/0:0:0:0:0:0:0:1:64396]]
2024-11-06 12:01:14.950 [http-nio-8080-exec-2] DEBUG o.a.coyote.http11.Http11NioProtocol - Popped processor [null] from cache
2024-11-06 12:01:14.950 [http-nio-8080-exec-1] DEBUG o.a.coyote.http11.Http11NioProtocol - Popped processor [null] from cache
2024-11-06 12:01:14.971 [http-nio-8080-exec-2] DEBUG o.a.coyote.http11.Http11NioProtocol - Register [org.apache.coyote.http11.Http11Processor@6f66ae6b] as [Tomcat:type=RequestProcessor,worker="http-nio-8080",name=HttpRequest1]
2024-11-06 12:01:14.971 [http-nio-8080-exec-2] DEBUG o.a.coyote.http11.Http11NioProtocol - Created new processor [org.apache.coyote.http11.Http11Processor@6f66ae6b]
2024-11-06 12:01:14.971 [http-nio-8080-exec-1] DEBUG o.a.coyote.http11.Http11NioProtocol - Register [org.apache.coyote.http11.Http11Processor@1a154868] as [Tomcat:type=RequestProcessor,worker="http-nio-8080",name=HttpRequest2]
2024-11-06 12:01:14.971 [http-nio-8080-exec-1] DEBUG o.a.coyote.http11.Http11NioProtocol - Created new processor [org.apache.coyote.http11.Http11Processor@1a154868]
2024-11-06 12:01:14.972 [http-nio-8080-exec-1] DEBUG o.a.coyote.http11.Http11InputBuffer - Before fill(): parsingHeader: [true], parsingRequestLine: [true], parsingRequestLinePhase: [0], parsingRequestLineStart: [0], byteBuffer.position(): [0], byteBuffer.limit(): [0], end: [0]
2024-11-06 12:01:14.972 [http-nio-8080-exec-2] DEBUG o.a.coyote.http11.Http11InputBuffer - Before fill(): parsingHeader: [true], parsingRequestLine: [true], parsingRequestLinePhase: [0], parsingRequestLineStart: [0], byteBuffer.position(): [0], byteBuffer.limit(): [0], end: [0]
2024-11-06 12:01:14.972 [http-nio-8080-exec-2] DEBUG o.a.t.util.net.SocketWrapperBase - Socket: [org.apache.tomcat.util.net.NioEndpoint$NioSocketWrapper@17f36ceb:org.apache.tomcat.util.net.NioChannel@53ecea6a:java.nio.channels.SocketChannel[connected local=/0:0:0:0:0:0:0:1:8080 remote=/0:0:0:0:0:0:0:1:64397]], Read from buffer: [0]
2024-11-06 12:01:14.972 [http-nio-8080-exec-1] DEBUG o.a.t.util.net.SocketWrapperBase - Socket: [org.apache.tomcat.util.net.NioEndpoint$NioSocketWrapper@2fc5cc8b:org.apache.tomcat.util.net.NioChannel@78fe01f3:java.nio.channels.SocketChannel[connected local=/0:0:0:0:0:0:0:1:8080 remote=/0:0:0:0:0:0:0:1:64396]], Read from buffer: [0]
2024-11-06 12:01:14.972 [http-nio-8080-exec-2] DEBUG o.apache.tomcat.util.net.NioEndpoint - Socket: [org.apache.tomcat.util.net.NioEndpoint$NioSocketWrapper@17f36ceb:org.apache.tomcat.util.net.NioChannel@53ecea6a:java.nio.channels.SocketChannel[connected local=/0:0:0:0:0:0:0:1:8080 remote=/0:0:0:0:0:0:0:1:64397]], Read direct from socket: [702]
2024-11-06 12:01:14.972 [http-nio-8080-exec-2] DEBUG o.a.coyote.http11.Http11InputBuffer - Received [POST /loginByPasswd HTTP/1.1
User-Agent: PostmanRuntime/7.42.0
Accept: */*
Cache-Control: no-cache
Postman-Token: 736ab0b0-424a-4461-a003-d5af0e8b4580
Host: localhost:8080
Accept-Encoding: gzip, deflate, br
Connection: keep-alive
Content-Type: multipart/form-data; boundary=--------------------------446747470356428254484690
Cookie: JSESSIONID=1D3CE5AFC03705F41A667A2B0364BE51
Content-Length: 292

----------------------------446747470356428254484690
Content-Disposition: form-data; name="password"

123
----------------------------446747470356428254484690
Content-Disposition: form-data; name="email"

13925692760@aliyun.com
----------------------------446747470356428254484690--
]
2024-11-06 12:01:14.972 [http-nio-8080-exec-1] DEBUG o.a.coyote.http11.Http11Processor - Error parsing HTTP request header
java.io.EOFException: null
	at org.apache.tomcat.util.net.NioEndpoint$NioSocketWrapper.fillReadBuffer(NioEndpoint.java:1340)
	at org.apache.tomcat.util.net.NioEndpoint$NioSocketWrapper.read(NioEndpoint.java:1227)
	at org.apache.coyote.http11.Http11InputBuffer.fill(Http11InputBuffer.java:805)
	at org.apache.coyote.http11.Http11InputBuffer.parseRequestLine(Http11InputBuffer.java:360)
	at org.apache.coyote.http11.Http11Processor.service(Http11Processor.java:271)
	at org.apache.coyote.AbstractProcessorLight.process(AbstractProcessorLight.java:65)
	at org.apache.coyote.AbstractProtocol$ConnectionHandler.process(AbstractProtocol.java:893)
	at org.apache.tomcat.util.net.NioEndpoint$SocketProcessor.doRun(NioEndpoint.java:1789)
	at org.apache.tomcat.util.net.SocketProcessorBase.run(SocketProcessorBase.java:49)
	at org.apache.tomcat.util.threads.ThreadPoolExecutor.runWorker(ThreadPoolExecutor.java:1191)
	at org.apache.tomcat.util.threads.ThreadPoolExecutor$Worker.run(ThreadPoolExecutor.java:659)
	at org.apache.tomcat.util.threads.TaskThread$WrappingRunnable.run(TaskThread.java:61)
	at java.lang.Thread.run(Thread.java:748)
2024-11-06 12:01:14.973 [http-nio-8080-exec-1] DEBUG o.a.coyote.http11.Http11Processor - Error state [CLOSE_CONNECTION_NOW] reported while processing request
java.io.EOFException: null
	at org.apache.tomcat.util.net.NioEndpoint$NioSocketWrapper.fillReadBuffer(NioEndpoint.java:1340)
	at org.apache.tomcat.util.net.NioEndpoint$NioSocketWrapper.read(NioEndpoint.java:1227)
	at org.apache.coyote.http11.Http11InputBuffer.fill(Http11InputBuffer.java:805)
	at org.apache.coyote.http11.Http11InputBuffer.parseRequestLine(Http11InputBuffer.java:360)
	at org.apache.coyote.http11.Http11Processor.service(Http11Processor.java:271)
	at org.apache.coyote.AbstractProcessorLight.process(AbstractProcessorLight.java:65)
	at org.apache.coyote.AbstractProtocol$ConnectionHandler.process(AbstractProtocol.java:893)
	at org.apache.tomcat.util.net.NioEndpoint$SocketProcessor.doRun(NioEndpoint.java:1789)
	at org.apache.tomcat.util.net.SocketProcessorBase.run(SocketProcessorBase.java:49)
	at org.apache.tomcat.util.threads.ThreadPoolExecutor.runWorker(ThreadPoolExecutor.java:1191)
	at org.apache.tomcat.util.threads.ThreadPoolExecutor$Worker.run(ThreadPoolExecutor.java:659)
	at org.apache.tomcat.util.threads.TaskThread$WrappingRunnable.run(TaskThread.java:61)
	at java.lang.Thread.run(Thread.java:748)
2024-11-06 12:01:14.973 [http-nio-8080-exec-1] DEBUG o.a.coyote.http11.Http11Processor - Socket: [org.apache.tomcat.util.net.NioEndpoint$NioSocketWrapper@2fc5cc8b:org.apache.tomcat.util.net.NioChannel@78fe01f3:java.nio.channels.SocketChannel[connected local=/0:0:0:0:0:0:0:1:8080 remote=/0:0:0:0:0:0:0:1:64396]], Status in: [OPEN_READ], State out: [CLOSED]
2024-11-06 12:01:14.973 [http-nio-8080-exec-1] DEBUG o.a.coyote.http11.Http11NioProtocol - Pushed Processor [org.apache.coyote.http11.Http11Processor@1a154868]
2024-11-06 12:01:14.973 [http-nio-8080-exec-1] DEBUG o.a.tomcat.util.threads.LimitLatch - Counting down[http-nio-8080-exec-1] latch=2
2024-11-06 12:01:14.973 [http-nio-8080-exec-1] DEBUG o.apache.tomcat.util.net.NioEndpoint - Calling [org.apache.tomcat.util.net.NioEndpoint@7e800f9].closeSocket([org.apache.tomcat.util.net.NioEndpoint$NioSocketWrapper@2fc5cc8b:org.apache.tomcat.util.net.NioChannel@78fe01f3:java.nio.channels.SocketChannel[connected local=/0:0:0:0:0:0:0:1:8080 remote=/0:0:0:0:0:0:0:1:64396]])
2024-11-06 12:01:14.983 [http-nio-8080-exec-2] DEBUG o.apache.tomcat.util.http.Parameters - Set query string encoding to UTF-8
2024-11-06 12:01:14.985 [http-nio-8080-exec-2] DEBUG o.a.t.u.http.Rfc6265CookieProcessor - Cookies: Parsing b[]: JSESSIONID=1D3CE5AFC03705F41A667A2B0364BE51
2024-11-06 12:01:14.986 [http-nio-8080-exec-2] DEBUG o.a.catalina.connector.CoyoteAdapter -  Requested cookie session id is 1D3CE5AFC03705F41A667A2B0364BE51
2024-11-06 12:01:14.987 [http-nio-8080-exec-2] DEBUG o.a.c.a.AuthenticatorBase - Security checking request POST /loginByPasswd
2024-11-06 12:01:14.987 [http-nio-8080-exec-2] DEBUG org.apache.catalina.realm.RealmBase -   No applicable constraints defined
2024-11-06 12:01:14.990 [http-nio-8080-exec-2] DEBUG o.a.c.a.jaspic.AuthConfigFactoryImpl - Loading persistent provider registrations from [C:\Users\林婷\AppData\Local\Temp\tomcat.8080.1206212483462869718\conf\jaspic-providers.xml]
2024-11-06 12:01:14.990 [http-nio-8080-exec-2] DEBUG o.a.c.a.AuthenticatorBase - Not subject to any constraint
2024-11-06 12:01:14.991 [http-nio-8080-exec-2] INFO  o.a.c.c.C.[Tomcat].[localhost].[/] - Initializing Spring DispatcherServlet 'dispatcherServlet'
2024-11-06 12:01:14.991 [http-nio-8080-exec-2] INFO  o.s.web.servlet.DispatcherServlet - Initializing Servlet 'dispatcherServlet'
2024-11-06 12:01:14.991 [http-nio-8080-exec-2] TRACE o.s.b.f.s.DefaultListableBeanFactory - Returning cached instance of singleton bean 'multipartResolver'
2024-11-06 12:01:14.991 [http-nio-8080-exec-2] TRACE o.s.web.servlet.DispatcherServlet - Detected org.springframework.web.multipart.support.StandardServletMultipartResolver@3389ae60
2024-11-06 12:01:14.991 [http-nio-8080-exec-2] TRACE o.s.b.f.s.DefaultListableBeanFactory - Returning cached instance of singleton bean 'localeResolver'
2024-11-06 12:01:14.991 [http-nio-8080-exec-2] TRACE o.s.web.servlet.DispatcherServlet - Detected org.springframework.web.servlet.i18n.AcceptHeaderLocaleResolver@3832b04
2024-11-06 12:01:14.991 [http-nio-8080-exec-2] TRACE o.s.b.f.s.DefaultListableBeanFactory - Returning cached instance of singleton bean 'themeResolver'
2024-11-06 12:01:14.991 [http-nio-8080-exec-2] TRACE o.s.web.servlet.DispatcherServlet - Detected org.springframework.web.servlet.theme.FixedThemeResolver@639a2d1a
2024-11-06 12:01:14.992 [http-nio-8080-exec-2] TRACE o.s.b.f.s.DefaultListableBeanFactory - Returning cached instance of singleton bean 'webSocketHandlerMapping'
2024-11-06 12:01:14.992 [http-nio-8080-exec-2] TRACE o.s.b.f.s.DefaultListableBeanFactory - Returning cached instance of singleton bean 'requestMappingHandlerMapping'
2024-11-06 12:01:14.992 [http-nio-8080-exec-2] TRACE o.s.b.f.s.DefaultListableBeanFactory - Returning cached instance of singleton bean 'welcomePageHandlerMapping'
2024-11-06 12:01:14.992 [http-nio-8080-exec-2] TRACE o.s.b.f.s.DefaultListableBeanFactory - Returning cached instance of singleton bean 'viewControllerHandlerMapping'
2024-11-06 12:01:14.992 [http-nio-8080-exec-2] TRACE o.s.b.f.s.DefaultListableBeanFactory - Returning cached instance of singleton bean 'beanNameHandlerMapping'
2024-11-06 12:01:14.992 [http-nio-8080-exec-2] TRACE o.s.b.f.s.DefaultListableBeanFactory - Returning cached instance of singleton bean 'routerFunctionMapping'
2024-11-06 12:01:14.992 [http-nio-8080-exec-2] TRACE o.s.b.f.s.DefaultListableBeanFactory - Returning cached instance of singleton bean 'resourceHandlerMapping'
2024-11-06 12:01:14.992 [http-nio-8080-exec-2] TRACE o.s.b.f.s.DefaultListableBeanFactory - Returning cached instance of singleton bean 'defaultServletHandlerMapping'
2024-11-06 12:01:14.992 [http-nio-8080-exec-2] TRACE o.s.b.f.s.DefaultListableBeanFactory - Returning cached instance of singleton bean 'requestMappingHandlerAdapter'
2024-11-06 12:01:14.992 [http-nio-8080-exec-2] TRACE o.s.b.f.s.DefaultListableBeanFactory - Returning cached instance of singleton bean 'handlerFunctionAdapter'
2024-11-06 12:01:14.992 [http-nio-8080-exec-2] TRACE o.s.b.f.s.DefaultListableBeanFactory - Returning cached instance of singleton bean 'httpRequestHandlerAdapter'
2024-11-06 12:01:14.992 [http-nio-8080-exec-2] TRACE o.s.b.f.s.DefaultListableBeanFactory - Returning cached instance of singleton bean 'simpleControllerHandlerAdapter'
2024-11-06 12:01:14.992 [http-nio-8080-exec-2] TRACE o.s.b.f.s.DefaultListableBeanFactory - Returning cached instance of singleton bean 'errorAttributes'
2024-11-06 12:01:14.992 [http-nio-8080-exec-2] TRACE o.s.b.f.s.DefaultListableBeanFactory - Returning cached instance of singleton bean 'handlerExceptionResolver'
2024-11-06 12:01:14.992 [http-nio-8080-exec-2] TRACE o.s.b.f.s.DefaultListableBeanFactory - Returning cached instance of singleton bean 'viewNameTranslator'
2024-11-06 12:01:14.992 [http-nio-8080-exec-2] TRACE o.s.web.servlet.DispatcherServlet - Detected DefaultRequestToViewNameTranslator
2024-11-06 12:01:14.992 [http-nio-8080-exec-2] TRACE o.s.b.f.s.DefaultListableBeanFactory - Returning cached instance of singleton bean 'beanNameViewResolver'
2024-11-06 12:01:14.992 [http-nio-8080-exec-2] TRACE o.s.b.f.s.DefaultListableBeanFactory - Returning cached instance of singleton bean 'mvcViewResolver'
2024-11-06 12:01:14.992 [http-nio-8080-exec-2] TRACE o.s.b.f.s.DefaultListableBeanFactory - Returning cached instance of singleton bean 'defaultViewResolver'
2024-11-06 12:01:14.992 [http-nio-8080-exec-2] TRACE o.s.b.f.s.DefaultListableBeanFactory - Returning cached instance of singleton bean 'viewResolver'
2024-11-06 12:01:14.992 [http-nio-8080-exec-2] TRACE o.s.b.f.s.DefaultListableBeanFactory - Returning cached instance of singleton bean 'flashMapManager'
2024-11-06 12:01:14.992 [http-nio-8080-exec-2] TRACE o.s.web.servlet.DispatcherServlet - Detected SessionFlashMapManager
2024-11-06 12:01:14.992 [http-nio-8080-exec-2] DEBUG o.s.web.servlet.DispatcherServlet - enableLoggingRequestDetails='false': request parameters and headers will be masked to prevent unsafe logging of potentially sensitive data
2024-11-06 12:01:14.992 [http-nio-8080-exec-2] INFO  o.s.web.servlet.DispatcherServlet - Completed initialization in 1 ms
2024-11-06 12:01:14.993 [http-nio-8080-exec-2] DEBUG o.a.catalina.core.StandardWrapper -   Returning non-STM instance
2024-11-06 12:01:14.996 [http-nio-8080-exec-2] TRACE o.s.b.w.s.f.OrderedRequestContextFilter - Bound request context to thread: org.apache.catalina.connector.RequestFacade@7265ce3f
2024-11-06 12:01:14.999 [http-nio-8080-exec-2] TRACE o.s.web.servlet.DispatcherServlet - POST "/loginByPasswd", parameters={multipart}, headers={masked} in DispatcherServlet 'dispatcherServlet'
2024-11-06 12:01:15.019 [http-nio-8080-exec-2] TRACE o.s.b.f.s.DefaultListableBeanFactory - Returning cached instance of singleton bean 'userController'
2024-11-06 12:01:15.019 [http-nio-8080-exec-2] TRACE o.s.w.s.m.m.a.RequestMappingHandlerMapping - Mapped to com.lt.questnest.controller.UserController#loginByPasswd(String, String, HttpSession)
2024-11-06 12:01:15.026 [http-nio-8080-exec-2] DEBUG o.apache.tomcat.util.http.Parameters - Set encoding to UTF-8
2024-11-06 12:01:15.030 [http-nio-8080-exec-2] TRACE o.s.c.i.s.SpringFactoriesLoader - Loaded [org.springframework.data.util.ProxyUtils$ProxyDetector] names: []
2024-11-06 12:01:15.036 [http-nio-8080-exec-2] TRACE o.s.web.method.HandlerMethod - Arguments: [13925692760@aliyun.com, 123, org.apache.catalina.session.StandardSessionFacade@6436a1c1]
2024-11-06 12:01:15.041 [http-nio-8080-exec-2] DEBUG org.mybatis.spring.SqlSessionUtils - Creating a new SqlSession
2024-11-06 12:01:15.041 [http-nio-8080-exec-2] DEBUG org.mybatis.spring.SqlSessionUtils - SqlSession [org.apache.ibatis.session.defaults.DefaultSqlSession@72acdc72] was not registered for synchronization because synchronization is not active
2024-11-06 12:01:15.041 [http-nio-8080-exec-2] DEBUG o.s.jdbc.datasource.DataSourceUtils - Fetching JDBC Connection from DataSource
2024-11-06 12:01:15.041 [http-nio-8080-exec-2] DEBUG o.m.s.t.SpringManagedTransaction - JDBC Connection [HikariProxyConnection@1903029040 wrapping com.mysql.cj.jdbc.ConnectionImpl@721d5b74] will not be managed by Spring
2024-11-06 12:01:15.041 [http-nio-8080-exec-2] DEBUG c.l.q.m.UserMapper.getUserByEmail - ==>  Preparing: select `id`,`email`,`username`,`password`,`gender`,`birthday`,`head_url`,`state` from `user` where `email` = ? and `state` = 1
2024-11-06 12:01:15.042 [http-nio-8080-exec-2] DEBUG c.l.q.m.UserMapper.getUserByEmail - ==> Parameters: 13925692760@aliyun.com(String)
2024-11-06 12:01:15.043 [http-nio-8080-exec-2] TRACE c.l.q.m.UserMapper.getUserByEmail - <==    Columns: id, email, username, password, gender, birthday, head_url, state
2024-11-06 12:01:15.043 [http-nio-8080-exec-2] TRACE c.l.q.m.UserMapper.getUserByEmail - <==        Row: 10, 13925692760@aliyun.com, lin, a665a45920422f9d417e4867efdc4fb8a04a1f3fff1fa07e998e86f7f7a27ae3, null, null, /images/c409e209-7ca0-4575-a655-8927c6516cba.png, 1
2024-11-06 12:01:15.044 [http-nio-8080-exec-2] DEBUG c.l.q.m.UserMapper.getUserByEmail - <==      Total: 1
2024-11-06 12:01:15.045 [http-nio-8080-exec-2] DEBUG org.mybatis.spring.SqlSessionUtils - Closing non transactional SqlSession [org.apache.ibatis.session.defaults.DefaultSqlSession@72acdc72]
2024-11-06 12:01:15.045 [http-nio-8080-exec-2] INFO  c.l.q.controller.UserController - HttpSession中存储的email:13925692760@aliyun.com
2024-11-06 12:01:15.057 [http-nio-8080-exec-2] DEBUG o.s.w.s.m.m.a.HttpEntityMethodProcessor - Using 'application/json', given [*/*] and supported [application/json, application/*+json, application/json, application/*+json]
2024-11-06 12:01:15.057 [http-nio-8080-exec-2] TRACE o.s.w.s.m.m.a.HttpEntityMethodProcessor - Writing [{message=登录成功, status=success}]
2024-11-06 12:01:15.070 [http-nio-8080-exec-2] TRACE o.s.w.s.m.m.a.RequestMappingHandlerAdapter - Applying default cacheSeconds=-1
2024-11-06 12:01:15.070 [http-nio-8080-exec-2] TRACE o.s.web.servlet.DispatcherServlet - No view rendering, null ModelAndView returned.
2024-11-06 12:01:15.070 [http-nio-8080-exec-2] DEBUG o.s.web.servlet.DispatcherServlet - Completed 200 OK, headers={masked}
2024-11-06 12:01:15.071 [http-nio-8080-exec-2] TRACE o.s.b.f.s.DefaultListableBeanFactory - Returning cached instance of singleton bean 'springApplicationAdminRegistrar'
2024-11-06 12:01:15.071 [http-nio-8080-exec-2] TRACE o.s.b.w.s.f.OrderedRequestContextFilter - Cleared thread-bound request context: org.apache.catalina.connector.RequestFacade@7265ce3f
2024-11-06 12:01:15.073 [http-nio-8080-exec-2] DEBUG o.a.coyote.http11.Http11InputBuffer - Before fill(): parsingHeader: [true], parsingRequestLine: [true], parsingRequestLinePhase: [0], parsingRequestLineStart: [0], byteBuffer.position(): [0], byteBuffer.limit(): [0], end: [410]
2024-11-06 12:01:15.073 [http-nio-8080-exec-2] DEBUG o.a.t.util.net.SocketWrapperBase - Socket: [org.apache.tomcat.util.net.NioEndpoint$NioSocketWrapper@17f36ceb:org.apache.tomcat.util.net.NioChannel@53ecea6a:java.nio.channels.SocketChannel[connected local=/0:0:0:0:0:0:0:1:8080 remote=/0:0:0:0:0:0:0:1:64397]], Read from buffer: [0]
2024-11-06 12:01:15.073 [http-nio-8080-exec-2] DEBUG o.apache.tomcat.util.net.NioEndpoint - Socket: [org.apache.tomcat.util.net.NioEndpoint$NioSocketWrapper@17f36ceb:org.apache.tomcat.util.net.NioChannel@53ecea6a:java.nio.channels.SocketChannel[connected local=/0:0:0:0:0:0:0:1:8080 remote=/0:0:0:0:0:0:0:1:64397]], Read direct from socket: [0]
2024-11-06 12:01:15.073 [http-nio-8080-exec-2] DEBUG o.a.coyote.http11.Http11InputBuffer - Received []
2024-11-06 12:01:15.073 [http-nio-8080-exec-2] DEBUG o.a.coyote.http11.Http11Processor - Socket: [org.apache.tomcat.util.net.NioEndpoint$NioSocketWrapper@17f36ceb:org.apache.tomcat.util.net.NioChannel@53ecea6a:java.nio.channels.SocketChannel[connected local=/0:0:0:0:0:0:0:1:8080 remote=/0:0:0:0:0:0:0:1:64397]], Status in: [OPEN_READ], State out: [OPEN]
2024-11-06 12:01:15.073 [http-nio-8080-exec-2] DEBUG o.a.coyote.http11.Http11NioProtocol - Pushed Processor [org.apache.coyote.http11.Http11Processor@6f66ae6b]
2024-11-06 12:01:15.073 [http-nio-8080-exec-2] DEBUG o.apache.tomcat.util.net.NioEndpoint - Registered read interest for [org.apache.tomcat.util.net.NioEndpoint$NioSocketWrapper@17f36ceb:org.apache.tomcat.util.net.NioChannel@53ecea6a:java.nio.channels.SocketChannel[connected local=/0:0:0:0:0:0:0:1:8080 remote=/0:0:0:0:0:0:0:1:64397]]
2024-11-06 12:01:16.078 [http-nio-8080-Poller] DEBUG o.apache.tomcat.util.net.NioEndpoint - timeout completed: keys processed=1; now=1730865676078; nextExpiration=1730865675253; keyCount=0; hasEvents=false; eval=false
2024-11-06 12:01:17.092 [http-nio-8080-Poller] DEBUG o.apache.tomcat.util.net.NioEndpoint - timeout completed: keys processed=1; now=1730865677092; nextExpiration=1730865677078; keyCount=0; hasEvents=false; eval=false
2024-11-06 12:01:18.108 [http-nio-8080-Poller] DEBUG o.apache.tomcat.util.net.NioEndpoint - timeout completed: keys processed=1; now=1730865678108; nextExpiration=1730865678092; keyCount=0; hasEvents=false; eval=false
2024-11-06 12:01:19.123 [http-nio-8080-Poller] DEBUG o.apache.tomcat.util.net.NioEndpoint - timeout completed: keys processed=1; now=1730865679123; nextExpiration=1730865679108; keyCount=0; hasEvents=false; eval=false
2024-11-06 12:01:20.137 [http-nio-8080-Poller] DEBUG o.apache.tomcat.util.net.NioEndpoint - timeout completed: keys processed=1; now=1730865680137; nextExpiration=1730865680123; keyCount=0; hasEvents=false; eval=false
2024-11-06 12:01:21.151 [http-nio-8080-Poller] DEBUG o.apache.tomcat.util.net.NioEndpoint - timeout completed: keys processed=1; now=1730865681151; nextExpiration=1730865681137; keyCount=0; hasEvents=false; eval=false
2024-11-06 12:01:22.163 [http-nio-8080-Poller] DEBUG o.apache.tomcat.util.net.NioEndpoint - timeout completed: keys processed=1; now=1730865682163; nextExpiration=1730865682151; keyCount=0; hasEvents=false; eval=false
2024-11-06 12:01:22.636 [http-nio-8080-exec-3] DEBUG o.a.coyote.http11.Http11NioProtocol - Processing socket [org.apache.tomcat.util.net.NioChannel@53ecea6a:java.nio.channels.SocketChannel[connected local=/0:0:0:0:0:0:0:1:8080 remote=/0:0:0:0:0:0:0:1:64397]] with status [OPEN_READ]
2024-11-06 12:01:22.636 [http-nio-8080-exec-3] DEBUG o.a.coyote.http11.Http11NioProtocol - Found processor [null] for socket [org.apache.tomcat.util.net.NioChannel@53ecea6a:java.nio.channels.SocketChannel[connected local=/0:0:0:0:0:0:0:1:8080 remote=/0:0:0:0:0:0:0:1:64397]]
2024-11-06 12:01:22.636 [http-nio-8080-exec-3] DEBUG o.a.coyote.http11.Http11NioProtocol - Popped processor [org.apache.coyote.http11.Http11Processor@6f66ae6b] from cache
2024-11-06 12:01:22.636 [http-nio-8080-exec-3] DEBUG o.a.coyote.http11.Http11InputBuffer - Before fill(): parsingHeader: [true], parsingRequestLine: [true], parsingRequestLinePhase: [0], parsingRequestLineStart: [0], byteBuffer.position(): [0], byteBuffer.limit(): [0], end: [410]
2024-11-06 12:01:22.636 [http-nio-8080-exec-3] DEBUG o.a.t.util.net.SocketWrapperBase - Socket: [org.apache.tomcat.util.net.NioEndpoint$NioSocketWrapper@17f36ceb:org.apache.tomcat.util.net.NioChannel@53ecea6a:java.nio.channels.SocketChannel[connected local=/0:0:0:0:0:0:0:1:8080 remote=/0:0:0:0:0:0:0:1:64397]], Read from buffer: [0]
2024-11-06 12:01:22.636 [http-nio-8080-exec-3] DEBUG o.apache.tomcat.util.net.NioEndpoint - Socket: [org.apache.tomcat.util.net.NioEndpoint$NioSocketWrapper@17f36ceb:org.apache.tomcat.util.net.NioChannel@53ecea6a:java.nio.channels.SocketChannel[connected local=/0:0:0:0:0:0:0:1:8080 remote=/0:0:0:0:0:0:0:1:64397]], Read direct from socket: [297]
2024-11-06 12:01:22.636 [http-nio-8080-exec-3] DEBUG o.a.coyote.http11.Http11InputBuffer - Received [GET /showIllegalArticle HTTP/1.1
User-Agent: PostmanRuntime/7.42.0
Accept: */*
Cache-Control: no-cache
Postman-Token: f050aa6e-f3d3-4fbc-8887-ff58ccb00a2a
Host: localhost:8080
Accept-Encoding: gzip, deflate, br
Connection: keep-alive
Cookie: JSESSIONID=239BD4004E637666801A035AEC2AE66F

]
2024-11-06 12:01:22.637 [http-nio-8080-exec-3] DEBUG o.a.t.u.http.Rfc6265CookieProcessor - Cookies: Parsing b[]: JSESSIONID=239BD4004E637666801A035AEC2AE66F
2024-11-06 12:01:22.637 [http-nio-8080-exec-3] DEBUG o.a.catalina.connector.CoyoteAdapter -  Requested cookie session id is 239BD4004E637666801A035AEC2AE66F
2024-11-06 12:01:22.637 [http-nio-8080-exec-3] DEBUG o.a.c.a.AuthenticatorBase - Security checking request GET /showIllegalArticle
2024-11-06 12:01:22.637 [http-nio-8080-exec-3] DEBUG org.apache.catalina.realm.RealmBase -   No applicable constraints defined
2024-11-06 12:01:22.637 [http-nio-8080-exec-3] DEBUG o.a.c.a.AuthenticatorBase - Not subject to any constraint
2024-11-06 12:01:22.637 [http-nio-8080-exec-3] DEBUG o.a.catalina.core.StandardWrapper -   Returning non-STM instance
2024-11-06 12:01:22.637 [http-nio-8080-exec-3] TRACE o.s.b.w.s.f.OrderedRequestContextFilter - Bound request context to thread: org.apache.catalina.connector.RequestFacade@7265ce3f
2024-11-06 12:01:22.637 [http-nio-8080-exec-3] DEBUG o.apache.tomcat.util.http.Parameters - Set encoding to UTF-8
2024-11-06 12:01:22.638 [http-nio-8080-exec-3] TRACE o.s.web.servlet.DispatcherServlet - GET "/showIllegalArticle", parameters={}, headers={masked} in DispatcherServlet 'dispatcherServlet'
2024-11-06 12:01:22.638 [http-nio-8080-exec-3] TRACE o.s.b.f.s.DefaultListableBeanFactory - Returning cached instance of singleton bean 'articleController'
2024-11-06 12:01:22.638 [http-nio-8080-exec-3] TRACE o.s.w.s.m.m.a.RequestMappingHandlerMapping - Mapped to com.lt.questnest.controller.ArticleController#showIllegalArticle(HttpSession)
2024-11-06 12:01:22.638 [http-nio-8080-exec-3] TRACE o.s.web.method.HandlerMethod - Arguments: [org.apache.catalina.session.StandardSessionFacade@6436a1c1]
2024-11-06 12:01:22.641 [http-nio-8080-exec-3] DEBUG org.mybatis.spring.SqlSessionUtils - Creating a new SqlSession
2024-11-06 12:01:22.641 [http-nio-8080-exec-3] DEBUG org.mybatis.spring.SqlSessionUtils - SqlSession [org.apache.ibatis.session.defaults.DefaultSqlSession@74873069] was not registered for synchronization because synchronization is not active
2024-11-06 12:01:22.641 [http-nio-8080-exec-3] DEBUG o.s.jdbc.datasource.DataSourceUtils - Fetching JDBC Connection from DataSource
2024-11-06 12:01:22.642 [http-nio-8080-exec-3] DEBUG o.m.s.t.SpringManagedTransaction - JDBC Connection [HikariProxyConnection@2051068041 wrapping com.mysql.cj.jdbc.ConnectionImpl@721d5b74] will not be managed by Spring
2024-11-06 12:01:22.642 [http-nio-8080-exec-3] DEBUG c.l.q.m.UserMapper.getUserByEmail - ==>  Preparing: select `id`,`email`,`username`,`password`,`gender`,`birthday`,`head_url`,`state` from `user` where `email` = ? and `state` = 1
2024-11-06 12:01:22.642 [http-nio-8080-exec-3] DEBUG c.l.q.m.UserMapper.getUserByEmail - ==> Parameters: 13925692760@aliyun.com(String)
2024-11-06 12:01:22.643 [http-nio-8080-exec-3] TRACE c.l.q.m.UserMapper.getUserByEmail - <==    Columns: id, email, username, password, gender, birthday, head_url, state
2024-11-06 12:01:22.643 [http-nio-8080-exec-3] TRACE c.l.q.m.UserMapper.getUserByEmail - <==        Row: 10, 13925692760@aliyun.com, lin, a665a45920422f9d417e4867efdc4fb8a04a1f3fff1fa07e998e86f7f7a27ae3, null, null, /images/c409e209-7ca0-4575-a655-8927c6516cba.png, 1
2024-11-06 12:01:22.643 [http-nio-8080-exec-3] DEBUG c.l.q.m.UserMapper.getUserByEmail - <==      Total: 1
2024-11-06 12:01:22.643 [http-nio-8080-exec-3] DEBUG org.mybatis.spring.SqlSessionUtils - Closing non transactional SqlSession [org.apache.ibatis.session.defaults.DefaultSqlSession@74873069]
2024-11-06 12:01:22.644 [http-nio-8080-exec-3] DEBUG org.mybatis.spring.SqlSessionUtils - Creating a new SqlSession
2024-11-06 12:01:22.644 [http-nio-8080-exec-3] DEBUG org.mybatis.spring.SqlSessionUtils - SqlSession [org.apache.ibatis.session.defaults.DefaultSqlSession@5b5225fd] was not registered for synchronization because synchronization is not active
2024-11-06 12:01:22.644 [http-nio-8080-exec-3] DEBUG o.s.jdbc.datasource.DataSourceUtils - Fetching JDBC Connection from DataSource
2024-11-06 12:01:22.644 [http-nio-8080-exec-3] DEBUG o.m.s.t.SpringManagedTransaction - JDBC Connection [HikariProxyConnection@146490778 wrapping com.mysql.cj.jdbc.ConnectionImpl@721d5b74] will not be managed by Spring
2024-11-06 12:01:22.644 [http-nio-8080-exec-3] DEBUG c.l.q.m.A.getIllegalArticle - ==>  Preparing: select `article_id`,`question_id`,`content` from `article` where `user_id` = ? and `state` = 0
2024-11-06 12:01:22.644 [http-nio-8080-exec-3] DEBUG c.l.q.m.A.getIllegalArticle - ==> Parameters: 10(Integer)
2024-11-06 12:01:22.645 [http-nio-8080-exec-3] DEBUG c.l.q.m.A.getIllegalArticle - <==      Total: 0
2024-11-06 12:01:22.645 [http-nio-8080-exec-3] DEBUG org.mybatis.spring.SqlSessionUtils - Closing non transactional SqlSession [org.apache.ibatis.session.defaults.DefaultSqlSession@5b5225fd]
2024-11-06 12:01:22.646 [http-nio-8080-exec-3] DEBUG o.s.w.s.m.m.a.HttpEntityMethodProcessor - Using 'application/json', given [*/*] and supported [application/json, application/*+json, application/json, application/*+json]
2024-11-06 12:01:22.646 [http-nio-8080-exec-3] TRACE o.s.w.s.m.m.a.HttpEntityMethodProcessor - Writing [{illegalArticle=[], status=success}]
2024-11-06 12:01:22.648 [http-nio-8080-exec-3] TRACE o.s.w.s.m.m.a.RequestMappingHandlerAdapter - Applying default cacheSeconds=-1
2024-11-06 12:01:22.648 [http-nio-8080-exec-3] TRACE o.s.web.servlet.DispatcherServlet - No view rendering, null ModelAndView returned.
2024-11-06 12:01:22.648 [http-nio-8080-exec-3] DEBUG o.s.web.servlet.DispatcherServlet - Completed 200 OK, headers={masked}
2024-11-06 12:01:22.649 [http-nio-8080-exec-3] TRACE o.s.b.w.s.f.OrderedRequestContextFilter - Cleared thread-bound request context: org.apache.catalina.connector.RequestFacade@7265ce3f
2024-11-06 12:01:22.649 [http-nio-8080-exec-3] DEBUG o.a.coyote.http11.Http11InputBuffer - Before fill(): parsingHeader: [true], parsingRequestLine: [true], parsingRequestLinePhase: [0], parsingRequestLineStart: [0], byteBuffer.position(): [0], byteBuffer.limit(): [0], end: [297]
2024-11-06 12:01:22.649 [http-nio-8080-exec-3] DEBUG o.a.t.util.net.SocketWrapperBase - Socket: [org.apache.tomcat.util.net.NioEndpoint$NioSocketWrapper@17f36ceb:org.apache.tomcat.util.net.NioChannel@53ecea6a:java.nio.channels.SocketChannel[connected local=/0:0:0:0:0:0:0:1:8080 remote=/0:0:0:0:0:0:0:1:64397]], Read from buffer: [0]
2024-11-06 12:01:22.649 [http-nio-8080-exec-3] DEBUG o.apache.tomcat.util.net.NioEndpoint - Socket: [org.apache.tomcat.util.net.NioEndpoint$NioSocketWrapper@17f36ceb:org.apache.tomcat.util.net.NioChannel@53ecea6a:java.nio.channels.SocketChannel[connected local=/0:0:0:0:0:0:0:1:8080 remote=/0:0:0:0:0:0:0:1:64397]], Read direct from socket: [0]
2024-11-06 12:01:22.649 [http-nio-8080-exec-3] DEBUG o.a.coyote.http11.Http11InputBuffer - Received []
2024-11-06 12:01:22.649 [http-nio-8080-exec-3] DEBUG o.a.coyote.http11.Http11Processor - Socket: [org.apache.tomcat.util.net.NioEndpoint$NioSocketWrapper@17f36ceb:org.apache.tomcat.util.net.NioChannel@53ecea6a:java.nio.channels.SocketChannel[connected local=/0:0:0:0:0:0:0:1:8080 remote=/0:0:0:0:0:0:0:1:64397]], Status in: [OPEN_READ], State out: [OPEN]
2024-11-06 12:01:22.649 [http-nio-8080-exec-3] DEBUG o.a.coyote.http11.Http11NioProtocol - Pushed Processor [org.apache.coyote.http11.Http11Processor@6f66ae6b]
2024-11-06 12:01:22.649 [http-nio-8080-exec-3] DEBUG o.apache.tomcat.util.net.NioEndpoint - Registered read interest for [org.apache.tomcat.util.net.NioEndpoint$NioSocketWrapper@17f36ceb:org.apache.tomcat.util.net.NioChannel@53ecea6a:java.nio.channels.SocketChannel[connected local=/0:0:0:0:0:0:0:1:8080 remote=/0:0:0:0:0:0:0:1:64397]]
2024-11-06 12:01:23.656 [http-nio-8080-Poller] DEBUG o.apache.tomcat.util.net.NioEndpoint - timeout completed: keys processed=1; now=1730865683656; nextExpiration=1730865683163; keyCount=0; hasEvents=false; eval=false
2024-11-06 12:01:24.667 [http-nio-8080-Poller] DEBUG o.apache.tomcat.util.net.NioEndpoint - timeout completed: keys processed=1; now=1730865684667; nextExpiration=1730865684656; keyCount=0; hasEvents=false; eval=false
2024-11-06 12:01:25.680 [http-nio-8080-Poller] DEBUG o.apache.tomcat.util.net.NioEndpoint - timeout completed: keys processed=1; now=1730865685680; nextExpiration=1730865685667; keyCount=0; hasEvents=false; eval=false
2024-11-06 12:01:26.690 [http-nio-8080-Poller] DEBUG o.apache.tomcat.util.net.NioEndpoint - timeout completed: keys processed=1; now=1730865686690; nextExpiration=1730865686680; keyCount=0; hasEvents=false; eval=false
2024-11-06 12:01:27.703 [http-nio-8080-Poller] DEBUG o.apache.tomcat.util.net.NioEndpoint - timeout completed: keys processed=1; now=1730865687703; nextExpiration=1730865687690; keyCount=0; hasEvents=false; eval=false
2024-11-06 12:01:28.717 [http-nio-8080-Poller] DEBUG o.apache.tomcat.util.net.NioEndpoint - timeout completed: keys processed=1; now=1730865688717; nextExpiration=1730865688703; keyCount=0; hasEvents=false; eval=false
2024-11-06 12:01:29.731 [http-nio-8080-Poller] DEBUG o.apache.tomcat.util.net.NioEndpoint - timeout completed: keys processed=1; now=1730865689731; nextExpiration=1730865689717; keyCount=0; hasEvents=false; eval=false
2024-11-06 12:01:30.741 [http-nio-8080-Poller] DEBUG o.apache.tomcat.util.net.NioEndpoint - timeout completed: keys processed=1; now=1730865690741; nextExpiration=1730865690731; keyCount=0; hasEvents=false; eval=false
2024-11-06 12:01:31.753 [http-nio-8080-Poller] DEBUG o.apache.tomcat.util.net.NioEndpoint - timeout completed: keys processed=1; now=1730865691753; nextExpiration=1730865691741; keyCount=0; hasEvents=false; eval=false
2024-11-06 12:01:32.755 [http-nio-8080-Poller] DEBUG o.apache.tomcat.util.net.NioEndpoint - timeout completed: keys processed=1; now=1730865692755; nextExpiration=1730865692753; keyCount=0; hasEvents=false; eval=false
2024-11-06 12:01:33.769 [http-nio-8080-Poller] DEBUG o.apache.tomcat.util.net.NioEndpoint - timeout completed: keys processed=1; now=1730865693769; nextExpiration=1730865693755; keyCount=0; hasEvents=false; eval=false
2024-11-06 12:01:34.258 [RMI TCP Connection(2)-10.173.43.127] DEBUG sun.rmi.transport.tcp - RMI TCP Connection(2)-10.173.43.127: (port 64336) connection closed
2024-11-06 12:01:34.258 [RMI TCP Connection(2)-10.173.43.127] DEBUG sun.rmi.transport.tcp - RMI TCP Connection(2)-10.173.43.127: close connection
2024-11-06 12:01:34.783 [http-nio-8080-Poller] DEBUG o.apache.tomcat.util.net.NioEndpoint - timeout completed: keys processed=1; now=1730865694783; nextExpiration=1730865694769; keyCount=0; hasEvents=false; eval=false
2024-11-06 12:01:35.789 [http-nio-8080-Poller] DEBUG o.apache.tomcat.util.net.NioEndpoint - timeout completed: keys processed=1; now=1730865695789; nextExpiration=1730865695783; keyCount=0; hasEvents=false; eval=false
2024-11-06 12:01:36.478 [HikariPool-1 housekeeper] DEBUG com.zaxxer.hikari.pool.HikariPool - HikariPool-1 - Pool stats (total=10, active=0, idle=10, waiting=0)
2024-11-06 12:01:36.478 [HikariPool-1 housekeeper] DEBUG com.zaxxer.hikari.pool.HikariPool - HikariPool-1 - Fill pool skipped, pool is at sufficient level.
2024-11-06 12:01:36.764 [RMI TCP Connection(5)-10.173.43.127] DEBUG sun.rmi.transport.tcp - RMI TCP Connection(5)-10.173.43.127: (port 64336) connection closed
2024-11-06 12:01:36.764 [RMI TCP Connection(5)-10.173.43.127] DEBUG sun.rmi.transport.tcp - RMI TCP Connection(5)-10.173.43.127: close connection
2024-11-06 12:01:36.764 [RMI TCP Connection(4)-10.173.43.127] DEBUG sun.rmi.transport.tcp - RMI TCP Connection(4)-10.173.43.127: (port 64336) connection closed
2024-11-06 12:01:36.764 [RMI TCP Connection(4)-10.173.43.127] DEBUG sun.rmi.transport.tcp - RMI TCP Connection(4)-10.173.43.127: close connection
2024-11-06 12:01:36.765 [RMI TCP Connection(3)-10.173.43.127] DEBUG sun.rmi.transport.tcp - RMI TCP Connection(3)-10.173.43.127: (port 64336) connection closed
2024-11-06 12:01:36.765 [RMI TCP Connection(3)-10.173.43.127] DEBUG sun.rmi.transport.tcp - RMI TCP Connection(3)-10.173.43.127: close connection
2024-11-06 12:01:36.805 [http-nio-8080-Poller] DEBUG o.apache.tomcat.util.net.NioEndpoint - timeout completed: keys processed=1; now=1730865696805; nextExpiration=1730865696789; keyCount=0; hasEvents=false; eval=false
2024-11-06 12:01:37.816 [http-nio-8080-Poller] DEBUG o.apache.tomcat.util.net.NioEndpoint - timeout completed: keys processed=1; now=1730865697816; nextExpiration=1730865697805; keyCount=0; hasEvents=false; eval=false
2024-11-06 12:01:38.826 [http-nio-8080-Poller] DEBUG o.apache.tomcat.util.net.NioEndpoint - timeout completed: keys processed=1; now=1730865698826; nextExpiration=1730865698816; keyCount=0; hasEvents=false; eval=false
2024-11-06 12:01:39.841 [http-nio-8080-Poller] DEBUG o.apache.tomcat.util.net.NioEndpoint - timeout completed: keys processed=1; now=1730865699841; nextExpiration=1730865699826; keyCount=0; hasEvents=false; eval=false
2024-11-06 12:01:40.845 [http-nio-8080-Poller] DEBUG o.apache.tomcat.util.net.NioEndpoint - timeout completed: keys processed=1; now=1730865700845; nextExpiration=1730865700841; keyCount=0; hasEvents=false; eval=false
2024-11-06 12:01:41.847 [http-nio-8080-Poller] DEBUG o.apache.tomcat.util.net.NioEndpoint - timeout completed: keys processed=1; now=1730865701847; nextExpiration=1730865701845; keyCount=0; hasEvents=false; eval=false
2024-11-06 12:01:42.862 [http-nio-8080-Poller] DEBUG o.apache.tomcat.util.net.NioEndpoint - timeout completed: keys processed=1; now=1730865702862; nextExpiration=1730865702847; keyCount=0; hasEvents=false; eval=false
2024-11-06 12:01:43.875 [http-nio-8080-Poller] DEBUG o.apache.tomcat.util.net.NioEndpoint - timeout completed: keys processed=1; now=1730865703875; nextExpiration=1730865703862; keyCount=0; hasEvents=false; eval=false
2024-11-06 12:01:44.887 [http-nio-8080-Poller] DEBUG o.apache.tomcat.util.net.NioEndpoint - timeout completed: keys processed=1; now=1730865704887; nextExpiration=1730865704875; keyCount=0; hasEvents=false; eval=false
2024-11-06 12:01:45.888 [http-nio-8080-Poller] DEBUG o.apache.tomcat.util.net.NioEndpoint - timeout completed: keys processed=1; now=1730865705888; nextExpiration=1730865705887; keyCount=0; hasEvents=false; eval=false
2024-11-06 12:01:46.893 [http-nio-8080-Poller] DEBUG o.apache.tomcat.util.net.NioEndpoint - timeout completed: keys processed=1; now=1730865706893; nextExpiration=1730865706888; keyCount=0; hasEvents=false; eval=false
2024-11-06 12:01:47.903 [http-nio-8080-Poller] DEBUG o.apache.tomcat.util.net.NioEndpoint - timeout completed: keys processed=1; now=1730865707903; nextExpiration=1730865707893; keyCount=0; hasEvents=false; eval=false
2024-11-06 12:01:48.916 [http-nio-8080-Poller] DEBUG o.apache.tomcat.util.net.NioEndpoint - timeout completed: keys processed=1; now=1730865708916; nextExpiration=1730865708903; keyCount=0; hasEvents=false; eval=false
2024-11-06 12:01:49.918 [http-nio-8080-Poller] DEBUG o.apache.tomcat.util.net.NioEndpoint - timeout completed: keys processed=1; now=1730865709918; nextExpiration=1730865709916; keyCount=0; hasEvents=false; eval=false
2024-11-06 12:01:50.929 [http-nio-8080-Poller] DEBUG o.apache.tomcat.util.net.NioEndpoint - timeout completed: keys processed=1; now=1730865710929; nextExpiration=1730865710918; keyCount=0; hasEvents=false; eval=false
2024-11-06 12:01:51.929 [http-nio-8080-Poller] DEBUG o.apache.tomcat.util.net.NioEndpoint - timeout completed: keys processed=1; now=1730865711929; nextExpiration=1730865711929; keyCount=0; hasEvents=false; eval=false
2024-11-06 12:01:52.940 [http-nio-8080-Poller] DEBUG o.apache.tomcat.util.net.NioEndpoint - timeout completed: keys processed=1; now=1730865712940; nextExpiration=1730865712929; keyCount=0; hasEvents=false; eval=false
2024-11-06 12:01:53.127 [RMI TCP Connection(6)-10.173.43.127] DEBUG sun.rmi.transport.tcp - RMI TCP Connection(6)-10.173.43.127: accepted socket from [10.173.43.127:64414]
2024-11-06 12:01:53.127 [RMI TCP Connection(6)-10.173.43.127] DEBUG sun.rmi.transport.tcp - RMI TCP Connection(6)-10.173.43.127: (port 64336) suggesting 10.173.43.127:64414
2024-11-06 12:01:53.127 [RMI TCP Connection(6)-10.173.43.127] DEBUG sun.rmi.transport.tcp - RMI TCP Connection(6)-10.173.43.127: (port 64336) client using 127.0.0.1:0
2024-11-06 12:01:53.127 [RMI TCP Connection(6)-10.173.43.127] DEBUG sun.rmi.transport.tcp - RMI TCP Connection(6)-10.173.43.127: (port 64336) op = 80
2024-11-06 12:01:53.127 [RMI TCP Connection(6)-10.173.43.127] DEBUG sun.rmi.transport.misc - RMI TCP Connection(6)-10.173.43.127: getting input stream
2024-11-06 12:01:53.127 [RMI TCP Connection(6)-10.173.43.127] DEBUG sun.rmi.transport.misc - RMI TCP Connection(6)-10.173.43.127: call dispatcher
2024-11-06 12:01:53.128 [RMI TCP Connection(6)-10.173.43.127] DEBUG sun.rmi.server.call - RMI TCP Connection(6)-10.173.43.127: [10.173.43.127: sun.rmi.transport.DGCImpl[0:0:0, 2]: void clean(java.rmi.server.ObjID[], long, java.rmi.dgc.VMID, boolean)]
2024-11-06 12:01:53.128 [RMI TCP Connection(6)-10.173.43.127] DEBUG sun.rmi.loader - RMI TCP Connection(6)-10.173.43.127: name = "[Ljava.rmi.server.ObjID;", codebase = "", defaultLoader = sun.misc.Launcher$ExtClassLoader@59f99ea
2024-11-06 12:01:53.128 [RMI TCP Connection(6)-10.173.43.127] DEBUG sun.rmi.loader - RMI TCP Connection(6)-10.173.43.127: class "[Ljava.rmi.server.ObjID;" found via defaultLoader, defined by null
2024-11-06 12:01:53.128 [RMI TCP Connection(6)-10.173.43.127] DEBUG java.io.serialization - ObjectInputFilter ALLOWED: class [Ljava.rmi.server.ObjID;, array length: -1, nRefs: 2, depth: 1, bytes: 80, ex: n/a
2024-11-06 12:01:53.128 [RMI TCP Connection(6)-10.173.43.127] DEBUG java.io.serialization - ObjectInputFilter ALLOWED: class [Ljava.rmi.server.ObjID;, array length: 5, nRefs: 3, depth: 1, bytes: 86, ex: n/a
2024-11-06 12:01:53.128 [RMI TCP Connection(6)-10.173.43.127] DEBUG sun.rmi.loader - RMI TCP Connection(6)-10.173.43.127: name = "java.rmi.server.ObjID", codebase = "", defaultLoader = sun.misc.Launcher$ExtClassLoader@59f99ea
2024-11-06 12:01:53.128 [RMI TCP Connection(6)-10.173.43.127] DEBUG sun.rmi.loader - RMI TCP Connection(6)-10.173.43.127: class "java.rmi.server.ObjID" found via defaultLoader, defined by null
2024-11-06 12:01:53.128 [RMI TCP Connection(6)-10.173.43.127] DEBUG java.io.serialization - ObjectInputFilter ALLOWED: class java.rmi.server.ObjID, array length: -1, nRefs: 5, depth: 2, bytes: 164, ex: n/a
2024-11-06 12:01:53.128 [RMI TCP Connection(6)-10.173.43.127] DEBUG sun.rmi.loader - RMI TCP Connection(6)-10.173.43.127: name = "java.rmi.server.UID", codebase = "", defaultLoader = sun.misc.Launcher$ExtClassLoader@59f99ea
2024-11-06 12:01:53.128 [RMI TCP Connection(6)-10.173.43.127] DEBUG sun.rmi.loader - RMI TCP Connection(6)-10.173.43.127: class "java.rmi.server.UID" found via defaultLoader, defined by null
2024-11-06 12:01:53.128 [RMI TCP Connection(6)-10.173.43.127] DEBUG java.io.serialization - ObjectInputFilter ALLOWED: class java.rmi.server.UID, array length: -1, nRefs: 8, depth: 3, bytes: 233, ex: n/a
2024-11-06 12:01:53.128 [RMI TCP Connection(6)-10.173.43.127] DEBUG java.io.serialization - ObjectInputFilter UNDECIDED: null, array length: -1, nRefs: 10, depth: 2, bytes: 255, ex: n/a
2024-11-06 12:01:53.128 [RMI TCP Connection(6)-10.173.43.127] DEBUG java.io.serialization - ObjectInputFilter UNDECIDED: null, array length: -1, nRefs: 11, depth: 3, bytes: 269, ex: n/a
2024-11-06 12:01:53.128 [RMI TCP Connection(6)-10.173.43.127] DEBUG java.io.serialization - ObjectInputFilter UNDECIDED: null, array length: -1, nRefs: 12, depth: 2, bytes: 289, ex: n/a
2024-11-06 12:01:53.128 [RMI TCP Connection(6)-10.173.43.127] DEBUG java.io.serialization - ObjectInputFilter UNDECIDED: null, array length: -1, nRefs: 13, depth: 3, bytes: 303, ex: n/a
2024-11-06 12:01:53.129 [RMI TCP Connection(6)-10.173.43.127] DEBUG java.io.serialization - ObjectInputFilter UNDECIDED: null, array length: -1, nRefs: 14, depth: 2, bytes: 323, ex: n/a
2024-11-06 12:01:53.129 [RMI TCP Connection(6)-10.173.43.127] DEBUG java.io.serialization - ObjectInputFilter UNDECIDED: null, array length: -1, nRefs: 15, depth: 3, bytes: 337, ex: n/a
2024-11-06 12:01:53.129 [RMI TCP Connection(6)-10.173.43.127] DEBUG java.io.serialization - ObjectInputFilter UNDECIDED: null, array length: -1, nRefs: 16, depth: 2, bytes: 357, ex: n/a
2024-11-06 12:01:53.129 [RMI TCP Connection(6)-10.173.43.127] DEBUG java.io.serialization - ObjectInputFilter UNDECIDED: null, array length: -1, nRefs: 17, depth: 3, bytes: 371, ex: n/a
2024-11-06 12:01:53.129 [RMI TCP Connection(6)-10.173.43.127] DEBUG java.io.serialization - ObjectInputFilter UNDECIDED: null, array length: -1, nRefs: 18, depth: 1, bytes: 450, ex: n/a
2024-11-06 12:01:53.129 [RMI TCP Connection(6)-10.173.43.127] DEBUG sun.rmi.loader - RMI TCP Connection(6)-10.173.43.127: name = "java.rmi.dgc.VMID", codebase = "", defaultLoader = sun.misc.Launcher$ExtClassLoader@59f99ea
2024-11-06 12:01:53.129 [RMI TCP Connection(6)-10.173.43.127] DEBUG sun.rmi.loader - RMI TCP Connection(6)-10.173.43.127: class "java.rmi.dgc.VMID" found via defaultLoader, defined by null
2024-11-06 12:01:53.129 [RMI TCP Connection(6)-10.173.43.127] DEBUG java.io.serialization - ObjectInputFilter ALLOWED: class java.rmi.dgc.VMID, array length: -1, nRefs: 19, depth: 1, bytes: 451, ex: n/a
2024-11-06 12:01:53.130 [RMI TCP Connection(6)-10.173.43.127] DEBUG sun.rmi.loader - RMI TCP Connection(6)-10.173.43.127: name = "[B", codebase = "", defaultLoader = sun.misc.Launcher$ExtClassLoader@59f99ea
2024-11-06 12:01:53.130 [RMI TCP Connection(6)-10.173.43.127] DEBUG sun.rmi.loader - RMI TCP Connection(6)-10.173.43.127: class "[B" found via defaultLoader, defined by null
2024-11-06 12:01:53.130 [RMI TCP Connection(6)-10.173.43.127] DEBUG java.io.serialization - ObjectInputFilter ALLOWED: class [B, array length: -1, nRefs: 22, depth: 2, bytes: 471, ex: n/a
2024-11-06 12:01:53.130 [RMI TCP Connection(6)-10.173.43.127] DEBUG java.io.serialization - ObjectInputFilter ALLOWED: class [B, array length: 8, nRefs: 23, depth: 2, bytes: 477, ex: n/a
2024-11-06 12:01:53.130 [RMI TCP Connection(6)-10.173.43.127] DEBUG java.io.serialization - ObjectInputFilter UNDECIDED: null, array length: -1, nRefs: 24, depth: 2, bytes: 491, ex: n/a
2024-11-06 12:01:53.130 [RMI TCP Connection(6)-10.173.43.127] DEBUG sun.rmi.dgc - RMI TCP Connection(6)-10.173.43.127: id = [-264c739c:192ffa20d01:-7fdd, 5325921735360087561], vmid = 544c995c9c773efa:-54afd70e:192ff38a764:-7fff, strong = false
2024-11-06 12:01:53.130 [RMI TCP Connection(6)-10.173.43.127] DEBUG sun.rmi.dgc - RMI TCP Connection(6)-10.173.43.127: id = [-264c739c:192ffa20d01:-7fd7, -2859348861996233505], vmid = 544c995c9c773efa:-54afd70e:192ff38a764:-7fff, strong = false
2024-11-06 12:01:53.130 [RMI TCP Connection(6)-10.173.43.127] DEBUG sun.rmi.dgc - RMI TCP Connection(6)-10.173.43.127: id = [-264c739c:192ffa20d01:-7fff, 3504907434924091100], vmid = 544c995c9c773efa:-54afd70e:192ff38a764:-7fff, strong = false
2024-11-06 12:01:53.130 [RMI TCP Connection(6)-10.173.43.127] DEBUG sun.rmi.dgc - RMI TCP Connection(6)-10.173.43.127: remove from dirty set: 544c995c9c773efa:-54afd70e:192ff38a764:-7fff
2024-11-06 12:01:53.130 [RMI TCP Connection(6)-10.173.43.127] DEBUG sun.rmi.dgc - RMI TCP Connection(6)-10.173.43.127: reference set is empty: target = sun.rmi.transport.Target@4863dd1c
2024-11-06 12:01:53.130 [RMI TCP Connection(6)-10.173.43.127] DEBUG sun.rmi.dgc - RMI TCP Connection(6)-10.173.43.127: id = [-264c739c:192ffa20d01:-7fe3, -458677972283217049], vmid = 544c995c9c773efa:-54afd70e:192ff38a764:-7fff, strong = false
2024-11-06 12:01:53.130 [RMI TCP Connection(6)-10.173.43.127] DEBUG sun.rmi.dgc - RMI TCP Connection(6)-10.173.43.127: id = [-264c739c:192ffa20d01:-7fce, 4235782901850037674], vmid = 544c995c9c773efa:-54afd70e:192ff38a764:-7fff, strong = false
2024-11-06 12:01:53.130 [RMI TCP Connection(6)-10.173.43.127] DEBUG sun.rmi.transport.misc - RMI TCP Connection(6)-10.173.43.127: getting output stream
2024-11-06 12:01:53.947 [http-nio-8080-Poller] DEBUG o.apache.tomcat.util.net.NioEndpoint - timeout completed: keys processed=1; now=1730865713947; nextExpiration=1730865713940; keyCount=0; hasEvents=false; eval=false
2024-11-06 12:01:54.959 [http-nio-8080-Poller] DEBUG o.apache.tomcat.util.net.NioEndpoint - timeout completed: keys processed=1; now=1730865714959; nextExpiration=1730865714947; keyCount=0; hasEvents=false; eval=false
2024-11-06 12:01:55.971 [http-nio-8080-Poller] DEBUG o.apache.tomcat.util.net.NioEndpoint - timeout completed: keys processed=1; now=1730865715971; nextExpiration=1730865715959; keyCount=0; hasEvents=false; eval=false
2024-11-06 12:01:56.985 [http-nio-8080-Poller] DEBUG o.apache.tomcat.util.net.NioEndpoint - timeout completed: keys processed=1; now=1730865716984; nextExpiration=1730865716971; keyCount=0; hasEvents=false; eval=false
2024-11-06 12:01:57.649 [SpringApplicationShutdownHook] DEBUG o.s.b.a.ApplicationAvailabilityBean - Application availability state ReadinessState changed from ACCEPTING_TRAFFIC to REFUSING_TRAFFIC
2024-11-06 12:01:57.649 [SpringApplicationShutdownHook] DEBUG o.s.b.w.s.c.AnnotationConfigServletWebServerApplicationContext - Closing org.springframework.boot.web.servlet.context.AnnotationConfigServletWebServerApplicationContext@10feca44, started on Wed Nov 06 12:01:03 CST 2024
2024-11-06 12:01:57.649 [SpringApplicationShutdownHook] TRACE o.s.b.c.p.s.ConfigurationPropertySourcesPropertyResolver$DefaultResolver - Searching for key 'spring.liveBeansView.mbeanDomain' in PropertySource 'server.ports'
2024-11-06 12:01:57.649 [SpringApplicationShutdownHook] TRACE o.s.b.c.p.s.ConfigurationPropertySourcesPropertyResolver$DefaultResolver - Searching for key 'spring.liveBeansView.mbeanDomain' in PropertySource 'configurationProperties'
2024-11-06 12:01:57.649 [SpringApplicationShutdownHook] TRACE o.s.b.c.p.s.ConfigurationPropertySourcesPropertyResolver$DefaultResolver - Searching for key 'spring.liveBeansView.mbeanDomain' in PropertySource 'servletConfigInitParams'
2024-11-06 12:01:57.649 [SpringApplicationShutdownHook] TRACE o.s.b.c.p.s.ConfigurationPropertySourcesPropertyResolver$DefaultResolver - Searching for key 'spring.liveBeansView.mbeanDomain' in PropertySource 'servletContextInitParams'
2024-11-06 12:01:57.649 [SpringApplicationShutdownHook] TRACE o.s.b.c.p.s.ConfigurationPropertySourcesPropertyResolver$DefaultResolver - Searching for key 'spring.liveBeansView.mbeanDomain' in PropertySource 'systemProperties'
2024-11-06 12:01:57.649 [SpringApplicationShutdownHook] DEBUG o.s.b.c.p.s.ConfigurationPropertySourcesPropertyResolver$DefaultResolver - Found key 'spring.liveBeansView.mbeanDomain' in PropertySource 'systemProperties' with value of type String
2024-11-06 12:01:57.649 [SpringApplicationShutdownHook] TRACE o.s.b.f.s.DefaultListableBeanFactory - Returning cached instance of singleton bean 'springApplicationAdminRegistrar'
2024-11-06 12:01:57.650 [SpringApplicationShutdownHook] TRACE o.s.b.f.s.DefaultListableBeanFactory - Returning cached instance of singleton bean 'redisMessageListenerContainer'
2024-11-06 12:01:57.650 [SpringApplicationShutdownHook] TRACE o.s.b.f.s.DefaultListableBeanFactory - Returning cached instance of singleton bean 'webSocketHandlerMapping'
2024-11-06 12:01:57.650 [SpringApplicationShutdownHook] TRACE o.s.b.f.s.DefaultListableBeanFactory - Returning cached instance of singleton bean 'lifecycleProcessor'
2024-11-06 12:01:57.650 [SpringApplicationShutdownHook] TRACE o.s.b.f.s.DefaultListableBeanFactory - Returning cached instance of singleton bean 'springBootLoggingLifecycle'
2024-11-06 12:01:57.650 [SpringApplicationShutdownHook] TRACE o.s.b.f.s.DefaultListableBeanFactory - Returning cached instance of singleton bean 'webServerGracefulShutdown'
2024-11-06 12:01:57.650 [SpringApplicationShutdownHook] TRACE o.s.b.f.s.DefaultListableBeanFactory - Returning cached instance of singleton bean 'webServerStartStop'
2024-11-06 12:01:57.650 [SpringApplicationShutdownHook] DEBUG o.s.c.s.DefaultLifecycleProcessor - Stopping beans in phase 2147483647
2024-11-06 12:01:57.650 [SpringApplicationShutdownHook] TRACE o.s.c.s.DefaultLifecycleProcessor - Asking bean 'redisMessageListenerContainer' of type [org.springframework.data.redis.listener.RedisMessageListenerContainer] to stop
2024-11-06 12:01:57.651 [SpringApplicationShutdownHook] TRACE o.s.d.r.l.RedisMessageListenerContainer - Cancelling Redis subscription...
2024-11-06 12:01:57.651 [SpringApplicationShutdownHook] TRACE o.s.d.r.l.RedisMessageListenerContainer - Unsubscribing from all channels
2024-11-06 12:01:57.651 [SpringApplicationShutdownHook] DEBUG io.lettuce.core.RedisChannelHandler - dispatching command AsyncCommand [type=UNSUBSCRIBE, output=PubSubOutput [output=null, error='null'], commandType=io.lettuce.core.protocol.Command]
2024-11-06 12:01:57.651 [SpringApplicationShutdownHook] DEBUG i.l.core.protocol.DefaultEndpoint - [channel=0x9080057f, /127.0.0.1:64389 -> localhost/127.0.0.1:6379, epid=0x2] write() writeAndFlush command AsyncCommand [type=UNSUBSCRIBE, output=PubSubOutput [output=null, error='null'], commandType=io.lettuce.core.protocol.Command]
2024-11-06 12:01:57.651 [SpringApplicationShutdownHook] DEBUG i.l.core.protocol.DefaultEndpoint - [channel=0x9080057f, /127.0.0.1:64389 -> localhost/127.0.0.1:6379, epid=0x2] write() done
2024-11-06 12:01:57.651 [lettuce-nioEventLoop-4-2] DEBUG i.l.core.protocol.CommandHandler - [channel=0x9080057f, /127.0.0.1:64389 -> localhost/127.0.0.1:6379, epid=0x2, chid=0x2] write(ctx, AsyncCommand [type=UNSUBSCRIBE, output=PubSubOutput [output=null, error='null'], commandType=io.lettuce.core.protocol.Command], promise)
2024-11-06 12:01:57.651 [SpringApplicationShutdownHook] DEBUG io.lettuce.core.RedisChannelHandler - dispatching command AsyncCommand [type=PING, output=StatusOutput [output=null, error='null'], commandType=io.lettuce.core.protocol.Command]
2024-11-06 12:01:57.652 [lettuce-nioEventLoop-4-2] DEBUG i.l.core.protocol.CommandEncoder - [channel=0x9080057f, /127.0.0.1:64389 -> localhost/127.0.0.1:6379] writing command AsyncCommand [type=UNSUBSCRIBE, output=PubSubOutput [output=null, error='null'], commandType=io.lettuce.core.protocol.Command]
2024-11-06 12:01:57.652 [lettuce-nioEventLoop-4-2] TRACE i.l.core.protocol.CommandEncoder - [channel=0x9080057f, /127.0.0.1:64389 -> localhost/127.0.0.1:6379] Sent: *1
$11
UNSUBSCRIBE
2024-11-06 12:01:57.652 [SpringApplicationShutdownHook] DEBUG i.l.core.protocol.DefaultEndpoint - [channel=0x9080057f, /127.0.0.1:64389 -> localhost/127.0.0.1:6379, epid=0x2] write() writeAndFlush command AsyncCommand [type=PING, output=StatusOutput [output=null, error='null'], commandType=io.lettuce.core.protocol.Command]
2024-11-06 12:01:57.652 [SpringApplicationShutdownHook] DEBUG i.l.core.protocol.DefaultEndpoint - [channel=0x9080057f, /127.0.0.1:64389 -> localhost/127.0.0.1:6379, epid=0x2] write() done
2024-11-06 12:01:57.652 [lettuce-nioEventLoop-4-2] DEBUG i.l.core.protocol.CommandHandler - [channel=0x9080057f, /127.0.0.1:64389 -> localhost/127.0.0.1:6379, epid=0x2, chid=0x2] write(ctx, AsyncCommand [type=PING, output=StatusOutput [output=null, error='null'], commandType=io.lettuce.core.protocol.Command], promise)
2024-11-06 12:01:57.652 [lettuce-nioEventLoop-4-2] DEBUG i.l.core.protocol.CommandEncoder - [channel=0x9080057f, /127.0.0.1:64389 -> localhost/127.0.0.1:6379] writing command AsyncCommand [type=PING, output=StatusOutput [output=null, error='null'], commandType=io.lettuce.core.protocol.Command]
2024-11-06 12:01:57.652 [lettuce-nioEventLoop-4-2] TRACE i.l.core.protocol.CommandEncoder - [channel=0x9080057f, /127.0.0.1:64389 -> localhost/127.0.0.1:6379] Sent: *1
$4
PING
2024-11-06 12:01:57.653 [lettuce-nioEventLoop-4-2] DEBUG i.l.core.protocol.CommandHandler - [channel=0x9080057f, /127.0.0.1:64389 -> localhost/127.0.0.1:6379, epid=0x2, chid=0x2] Received: 164 bytes, 2 commands in the stack
2024-11-06 12:01:57.653 [SpringApplicationShutdownHook] DEBUG io.lettuce.core.RedisChannelHandler - closeAsync()
2024-11-06 12:01:57.653 [lettuce-nioEventLoop-4-2] TRACE i.l.core.protocol.CommandHandler - [channel=0x9080057f, /127.0.0.1:64389 -> localhost/127.0.0.1:6379, epid=0x2, chid=0x2] Buffer: *3
$11
unsubscribe
$17
1370910756@qq.com
:2
*3
$11
unsubscribe
$22
13925692760@aliyun.com
:1
*3
$11
unsubscribe
$19
13925692760@163.com
:0
+PONG
2024-11-06 12:01:57.653 [SpringApplicationShutdownHook] DEBUG i.l.core.protocol.DefaultEndpoint - [channel=0x9080057f, /127.0.0.1:64389 -> localhost/127.0.0.1:6379, epid=0x2] closeAsync()
2024-11-06 12:01:57.653 [lettuce-nioEventLoop-4-2] DEBUG i.l.core.protocol.CommandHandler - [channel=0x9080057f, /127.0.0.1:64389 -> localhost/127.0.0.1:6379, epid=0x2, chid=0x2] Stack contains: 2 commands
2024-11-06 12:01:57.653 [lettuce-nioEventLoop-4-2] DEBUG i.l.core.protocol.RedisStateMachine - Decode done, empty stack: true
2024-11-06 12:01:57.653 [lettuce-nioEventLoop-4-2] DEBUG i.l.core.protocol.CommandHandler - [channel=0x9080057f, /127.0.0.1:64389 -> localhost/127.0.0.1:6379, epid=0x2, chid=0x2] Completing command AsyncCommand [type=UNSUBSCRIBE, output=PubSubOutput [output=null, error='null'], commandType=io.lettuce.core.protocol.Command]
2024-11-06 12:01:57.653 [lettuce-nioEventLoop-4-2] DEBUG i.l.core.protocol.CommandHandler - [channel=0x9080057f, /127.0.0.1:64389 -> localhost/127.0.0.1:6379, epid=0x2, chid=0x2] Stack contains: 1 commands
2024-11-06 12:01:57.653 [lettuce-nioEventLoop-4-2] DEBUG i.l.core.protocol.RedisStateMachine - Decode done, empty stack: true
2024-11-06 12:01:57.653 [lettuce-nioEventLoop-4-2] DEBUG i.l.core.protocol.CommandHandler - [channel=0x9080057f, /127.0.0.1:64389 -> localhost/127.0.0.1:6379, epid=0x2, chid=0x2] Completing command AsyncCommand [type=PING, output=StatusOutput [output=null, error='null'], commandType=io.lettuce.core.protocol.Command]
2024-11-06 12:01:57.653 [lettuce-nioEventLoop-4-2] DEBUG i.l.core.protocol.RedisStateMachine - Decode done, empty stack: true
2024-11-06 12:01:57.654 [lettuce-nioEventLoop-4-2] DEBUG i.l.core.protocol.RedisStateMachine - Decode done, empty stack: true
2024-11-06 12:01:57.654 [SpringApplicationShutdownHook] TRACE o.s.d.r.l.RedisMessageListenerContainer - Closing connection
2024-11-06 12:01:57.654 [SpringApplicationShutdownHook] DEBUG o.s.d.r.l.RedisMessageListenerContainer - Stopped RedisMessageListenerContainer
2024-11-06 12:01:57.654 [SpringApplicationShutdownHook] DEBUG o.s.c.s.DefaultLifecycleProcessor - Bean 'redisMessageListenerContainer' completed its stop procedure
2024-11-06 12:01:57.654 [SpringApplicationShutdownHook] TRACE o.s.c.s.DefaultLifecycleProcessor - Asking bean 'webSocketHandlerMapping' of type [org.springframework.web.socket.server.support.WebSocketHandlerMapping] to stop
2024-11-06 12:01:57.654 [SpringApplicationShutdownHook] DEBUG o.s.c.s.DefaultLifecycleProcessor - Bean 'webSocketHandlerMapping' completed its stop procedure
2024-11-06 12:01:57.654 [SpringApplicationShutdownHook] TRACE o.s.c.s.DefaultLifecycleProcessor - Asking bean 'webServerGracefulShutdown' of type [org.springframework.boot.web.context.WebServerGracefulShutdownLifecycle] to stop
2024-11-06 12:01:57.655 [SpringApplicationShutdownHook] DEBUG o.s.c.s.DefaultLifecycleProcessor - Bean 'webServerGracefulShutdown' completed its stop procedure
2024-11-06 12:01:57.655 [SpringApplicationShutdownHook] DEBUG o.s.c.s.DefaultLifecycleProcessor - Stopping beans in phase 2147483646
2024-11-06 12:01:57.655 [SpringApplicationShutdownHook] TRACE o.s.c.s.DefaultLifecycleProcessor - Asking bean 'webServerStartStop' of type [org.springframework.boot.web.servlet.context.WebServerStartStopLifecycle] to stop
2024-11-06 12:01:57.656 [lettuce-nioEventLoop-4-2] DEBUG i.l.core.protocol.CommandHandler - [channel=0x9080057f, /127.0.0.1:64389 -> localhost/127.0.0.1:6379, epid=0x2, chid=0x2] channelInactive()
2024-11-06 12:01:57.656 [lettuce-nioEventLoop-4-2] DEBUG i.l.core.protocol.DefaultEndpoint - [channel=0x9080057f, /127.0.0.1:64389 -> localhost/127.0.0.1:6379, epid=0x2] deactivating endpoint handler
2024-11-06 12:01:57.656 [lettuce-nioEventLoop-4-2] DEBUG i.l.core.protocol.CommandHandler - [channel=0x9080057f, /127.0.0.1:64389 -> localhost/127.0.0.1:6379, epid=0x2, chid=0x2] channelInactive() done
2024-11-06 12:01:57.657 [lettuce-nioEventLoop-4-2] DEBUG i.l.core.protocol.ConnectionWatchdog - [channel=0x9080057f, /127.0.0.1:64389 -> localhost/127.0.0.1:6379, last known addr=localhost/127.0.0.1:6379] channelInactive()
2024-11-06 12:01:57.657 [lettuce-nioEventLoop-4-2] DEBUG i.l.core.protocol.ConnectionWatchdog - [channel=0x9080057f, /127.0.0.1:64389 -> localhost/127.0.0.1:6379, last known addr=localhost/127.0.0.1:6379] Reconnect scheduling disabled
2024-11-06 12:01:57.657 [lettuce-nioEventLoop-4-2] DEBUG i.l.core.protocol.CommandHandler - [channel=0x9080057f, /127.0.0.1:64389 -> localhost/127.0.0.1:6379, epid=0x2, chid=0x2] channelUnregistered()
2024-11-06 12:01:57.947 [SpringApplicationShutdownHook] DEBUG o.s.c.s.DefaultLifecycleProcessor - Bean 'webServerStartStop' completed its stop procedure
2024-11-06 12:01:57.947 [SpringApplicationShutdownHook] DEBUG o.s.c.s.DefaultLifecycleProcessor - Stopping beans in phase -2147483647
2024-11-06 12:01:57.947 [SpringApplicationShutdownHook] TRACE o.s.c.s.DefaultLifecycleProcessor - Asking bean 'springBootLoggingLifecycle' of type [org.springframework.boot.context.logging.LoggingApplicationListener$Lifecycle] to stop
2024-11-06 12:01:57.947 [SpringApplicationShutdownHook] DEBUG o.s.c.s.DefaultLifecycleProcessor - Bean 'springBootLoggingLifecycle' completed its stop procedure
2024-11-06 12:01:57.947 [SpringApplicationShutdownHook] TRACE o.s.b.f.s.DefaultListableBeanFactory - Destroying singletons in org.springframework.beans.factory.support.DefaultListableBeanFactory@46d59067: defining beans [org.springframework.context.annotation.internalConfigurationAnnotationProcessor,org.springframework.context.annotation.internalAutowiredAnnotationProcessor,org.springframework.context.annotation.internalCommonAnnotationProcessor,org.springframework.context.event.internalEventListenerProcessor,org.springframework.context.event.internalEventListenerFactory,questNestApplication,org.springframework.boot.autoconfigure.internalCachingMetadataReaderFactory,asyncConfig,customWebSocketHandler,redisConfig,webConfig,webSocketConfig,adminController,adminDeleteArticleController,adminDeleteCommentController,adminDeleteQuestionController,adminUserMuteController,articleController,commentController,conversationController,draftController,favouriteController,favouriteItemController,historyController,informController,messageController,onlineUserController,questionController,sseController,userController,userFollowController,userTopicController,customHandshakeInterceptor,loginInterceptor,appStartupRunner,redisMessagePublisher,redisMessageSubscriber,adminDeleteArticleServiceImpl,adminDeleteCommentServiceImpl,adminDeleteQuestionServiceImpl,adminServiceImpl,adminUserMuteServiceImpl,articleServiceImpl,commentServiceImpl,conversationServiceImpl,draftServiceImpl,favouriteItemServiceImpl,favouriteServiceImpl,fileServiceImpl,historyServiceImpl,informServiceImpl,mailServiceImpl,messageServiceImpl,onlineUserServiceImpl,questionServiceImpl,redisServiceImpl,subServiceImpl,userFollowServiceImpl,userServiceImpl,userTopicServiceImpl,org.springframework.scheduling.annotation.ProxyAsyncConfiguration,org.springframework.context.annotation.internalAsyncAnnotationProcessor,taskExecutor,redisMessageListenerContainer,redisTemplate,redisMessageListener,stringRedisSerializer,org.springframework.web.socket.config.annotation.DelegatingWebSocketConfiguration,webSocketHandlerMapping,defaultSockJsTaskScheduler,createWebSocketContainer,org.springframework.boot.autoconfigure.AutoConfigurationPackages,org.springframework.boot.autoconfigure.context.PropertyPlaceholderAutoConfiguration,propertySourcesPlaceholderConfigurer,org.springframework.boot.autoconfigure.websocket.servlet.WebSocketServletAutoConfiguration$TomcatWebSocketConfiguration,websocketServletWebServerCustomizer,org.springframework.boot.autoconfigure.websocket.servlet.WebSocketServletAutoConfiguration,org.springframework.boot.autoconfigure.web.servlet.ServletWebServerFactoryConfiguration$EmbeddedTomcat,tomcatServletWebServerFactory,org.springframework.boot.autoconfigure.web.servlet.ServletWebServerFactoryAutoConfiguration,servletWebServerFactoryCustomizer,tomcatServletWebServerFactoryCustomizer,org.springframework.boot.context.properties.ConfigurationPropertiesBindingPostProcessor,org.springframework.boot.context.internalConfigurationPropertiesBinderFactory,org.springframework.boot.context.internalConfigurationPropertiesBinder,org.springframework.boot.context.properties.BoundConfigurationProperties,org.springframework.boot.context.properties.EnableConfigurationPropertiesRegistrar.methodValidationExcludeFilter,server-org.springframework.boot.autoconfigure.web.ServerProperties,webServerFactoryCustomizerBeanPostProcessor,errorPageRegistrarBeanPostProcessor,org.springframework.boot.autoconfigure.web.servlet.DispatcherServletAutoConfiguration$DispatcherServletConfiguration,dispatcherServlet,spring.mvc-org.springframework.boot.autoconfigure.web.servlet.WebMvcProperties,org.springframework.boot.autoconfigure.web.servlet.DispatcherServletAutoConfiguration$DispatcherServletRegistrationConfiguration,dispatcherServletRegistration,org.springframework.boot.autoconfigure.web.servlet.DispatcherServletAutoConfiguration,org.springframework.boot.autoconfigure.task.TaskExecutionAutoConfiguration,taskExecutorBuilder,spring.task.execution-org.springframework.boot.autoconfigure.task.TaskExecutionProperties,org.springframework.boot.autoconfigure.web.servlet.error.ErrorMvcAutoConfiguration$WhitelabelErrorViewConfiguration,error,beanNameViewResolver,org.springframework.boot.autoconfigure.web.servlet.error.ErrorMvcAutoConfiguration$DefaultErrorViewResolverConfiguration,conventionErrorViewResolver,spring.web-org.springframework.boot.autoconfigure.web.WebProperties,org.springframework.boot.autoconfigure.web.servlet.error.ErrorMvcAutoConfiguration,errorAttributes,basicErrorController,errorPageCustomizer,preserveErrorControllerTargetClassPostProcessor,org.springframework.boot.autoconfigure.web.servlet.WebMvcAutoConfiguration$EnableWebMvcConfiguration,requestMappingHandlerAdapter,requestMappingHandlerMapping,welcomePageHandlerMapping,localeResolver,themeResolver,flashMapManager,mvcConversionService,mvcValidator,mvcContentNegotiationManager,mvcPatternParser,mvcUrlPathHelper,mvcPathMatcher,viewControllerHandlerMapping,beanNameHandlerMapping,routerFunctionMapping,resourceHandlerMapping,mvcResourceUrlProvider,defaultServletHandlerMapping,handlerFunctionAdapter,mvcUriComponentsContributor,httpRequestHandlerAdapter,simpleControllerHandlerAdapter,handlerExceptionResolver,mvcViewResolver,mvcHandlerMappingIntrospector,viewNameTranslator,org.springframework.boot.autoconfigure.web.servlet.WebMvcAutoConfiguration$WebMvcAutoConfigurationAdapter,defaultViewResolver,viewResolver,requestContextFilter,org.springframework.boot.autoconfigure.web.servlet.WebMvcAutoConfiguration,formContentFilter,org.springframework.boot.autoconfigure.jdbc.DataSourceConfiguration$Hikari,dataSource,org.springframework.boot.autoconfigure.jdbc.DataSourceJmxConfiguration$Hikari,org.springframework.boot.autoconfigure.jdbc.DataSourceJmxConfiguration,org.springframework.boot.autoconfigure.jdbc.DataSourceAutoConfiguration$PooledDataSourceConfiguration,org.springframework.boot.autoconfigure.jdbc.metadata.DataSourcePoolMetadataProvidersConfiguration$HikariPoolDataSourceMetadataProviderConfiguration,hikariPoolDataSourceMetadataProvider,org.springframework.boot.autoconfigure.jdbc.metadata.DataSourcePoolMetadataProvidersConfiguration,org.springframework.boot.autoconfigure.jdbc.DataSourceAutoConfiguration,spring.datasource-org.springframework.boot.autoconfigure.jdbc.DataSourceProperties,org.mybatis.spring.boot.autoconfigure.MybatisLanguageDriverAutoConfiguration,org.mybatis.spring.boot.autoconfigure.MybatisAutoConfiguration$MapperScannerRegistrarNotFoundConfiguration,org.mybatis.spring.mapper.MapperScannerConfigurer,org.mybatis.spring.boot.autoconfigure.MybatisAutoConfiguration,sqlSessionFactory,sqlSessionTemplate,mybatis-org.mybatis.spring.boot.autoconfigure.MybatisProperties,org.springframework.boot.autoconfigure.jmx.JmxAutoConfiguration,mbeanExporter,objectNamingStrategy,mbeanServer,org.springframework.boot.autoconfigure.admin.SpringApplicationAdminJmxAutoConfiguration,springApplicationAdminRegistrar,org.springframework.boot.autoconfigure.aop.AopAutoConfiguration$ClassProxyingConfiguration,forceAutoProxyCreatorToUseClassProxying,org.springframework.boot.autoconfigure.aop.AopAutoConfiguration,org.springframework.boot.autoconfigure.availability.ApplicationAvailabilityAutoConfiguration,applicationAvailability,org.springframework.boot.autoconfigure.jackson.JacksonAutoConfiguration$Jackson2ObjectMapperBuilderCustomizerConfiguration,standardJacksonObjectMapperBuilderCustomizer,spring.jackson-org.springframework.boot.autoconfigure.jackson.JacksonProperties,org.springframework.boot.autoconfigure.jackson.JacksonAutoConfiguration$JacksonObjectMapperBuilderConfiguration,jacksonObjectMapperBuilder,org.springframework.boot.autoconfigure.jackson.JacksonAutoConfiguration$ParameterNamesModuleConfiguration,parameterNamesModule,org.springframework.boot.autoconfigure.jackson.JacksonAutoConfiguration$JacksonObjectMapperConfiguration,jacksonObjectMapper,org.springframework.boot.autoconfigure.jackson.JacksonAutoConfiguration,jsonComponentModule,org.springframework.boot.autoconfigure.data.redis.LettuceConnectionConfiguration,lettuceClientResources,redisConnectionFactory,org.springframework.boot.autoconfigure.data.redis.RedisAutoConfiguration,stringRedisTemplate,spring.redis-org.springframework.boot.autoconfigure.data.redis.RedisProperties,org.springframework.boot.autoconfigure.context.ConfigurationPropertiesAutoConfiguration,org.springframework.boot.autoconfigure.context.LifecycleAutoConfiguration,lifecycleProcessor,spring.lifecycle-org.springframework.boot.autoconfigure.context.LifecycleProperties,org.springframework.boot.autoconfigure.dao.PersistenceExceptionTranslationAutoConfiguration,persistenceExceptionTranslationPostProcessor,org.springframework.boot.autoconfigure.data.redis.RedisReactiveAutoConfiguration,reactiveRedisTemplate,reactiveStringRedisTemplate,org.springframework.boot.autoconfigure.data.redis.RedisRepositoriesAutoConfiguration,keyValueMappingContext,redisCustomConversions,redisReferenceResolver,redisConverter,redisKeyValueAdapter,redisKeyValueTemplate,org.springframework.boot.autoconfigure.http.HttpMessageConvertersAutoConfiguration$StringHttpMessageConverterConfiguration,stringHttpMessageConverter,org.springframework.boot.autoconfigure.http.JacksonHttpMessageConvertersConfiguration$MappingJackson2HttpMessageConverterConfiguration,mappingJackson2HttpMessageConverter,org.springframework.boot.autoconfigure.http.JacksonHttpMessageConvertersConfiguration,org.springframework.boot.autoconfigure.http.HttpMessageConvertersAutoConfiguration,messageConverters,org.springframework.data.web.config.ProjectingArgumentResolverRegistrar,projectingArgumentResolverBeanPostProcessor,org.springframework.data.web.config.SpringDataWebConfiguration,pageableResolver,sortResolver,org.springframework.data.web.config.SpringDataJacksonConfiguration,jacksonGeoModule,org.springframework.boot.autoconfigure.data.web.SpringDataWebAutoConfiguration,pageableCustomizer,sortCustomizer,spring.data.web-org.springframework.boot.autoconfigure.data.web.SpringDataWebProperties,org.springframework.boot.autoconfigure.info.ProjectInfoAutoConfiguration,spring.info-org.springframework.boot.autoconfigure.info.ProjectInfoProperties,org.springframework.boot.autoconfigure.jdbc.JdbcTemplateConfiguration,jdbcTemplate,org.springframework.boot.autoconfigure.jdbc.NamedParameterJdbcTemplateConfiguration,namedParameterJdbcTemplate,org.springframework.boot.autoconfigure.jdbc.JdbcTemplateAutoConfiguration,spring.jdbc-org.springframework.boot.autoconfigure.jdbc.JdbcProperties,org.springframework.boot.sql.init.dependency.DatabaseInitializationDependencyConfigurer$DependsOnDatabaseInitializationPostProcessor,org.springframework.boot.autoconfigure.mail.MailSenderPropertiesConfiguration,mailSender,org.springframework.boot.autoconfigure.mail.MailSenderAutoConfiguration,spring.mail-org.springframework.boot.autoconfigure.mail.MailProperties,org.springframework.boot.autoconfigure.netty.NettyAutoConfiguration,spring.netty-org.springframework.boot.autoconfigure.netty.NettyProperties,org.springframework.boot.autoconfigure.sql.init.DataSourceInitializationConfiguration,dataSourceScriptDatabaseInitializer,org.springframework.boot.autoconfigure.sql.init.SqlInitializationAutoConfiguration,spring.sql.init-org.springframework.boot.autoconfigure.sql.init.SqlInitializationProperties,org.springframework.boot.autoconfigure.task.TaskSchedulingAutoConfiguration,scheduledBeanLazyInitializationExcludeFilter,taskSchedulerBuilder,spring.task.scheduling-org.springframework.boot.autoconfigure.task.TaskSchedulingProperties,org.springframework.boot.autoconfigure.jdbc.DataSourceTransactionManagerAutoConfiguration$JdbcTransactionManagerConfiguration,transactionManager,org.springframework.boot.autoconfigure.jdbc.DataSourceTransactionManagerAutoConfiguration,org.springframework.transaction.annotation.ProxyTransactionManagementConfiguration,org.springframework.transaction.config.internalTransactionAdvisor,transactionAttributeSource,transactionInterceptor,org.springframework.transaction.config.internalTransactionalEventListenerFactory,org.springframework.boot.autoconfigure.transaction.TransactionAutoConfiguration$EnableTransactionManagementConfiguration$CglibAutoProxyConfiguration,org.springframework.aop.config.internalAutoProxyCreator,org.springframework.boot.autoconfigure.transaction.TransactionAutoConfiguration$EnableTransactionManagementConfiguration,org.springframework.boot.autoconfigure.transaction.TransactionAutoConfiguration$TransactionTemplateConfiguration,transactionTemplate,org.springframework.boot.autoconfigure.transaction.TransactionAutoConfiguration,platformTransactionManagerCustomizers,spring.transaction-org.springframework.boot.autoconfigure.transaction.TransactionProperties,org.springframework.boot.autoconfigure.web.client.RestTemplateAutoConfiguration,restTemplateBuilderConfigurer,restTemplateBuilder,org.springframework.boot.autoconfigure.web.embedded.EmbeddedWebServerFactoryCustomizerAutoConfiguration$TomcatWebServerFactoryCustomizerConfiguration,tomcatWebServerFactoryCustomizer,org.springframework.boot.autoconfigure.web.embedded.EmbeddedWebServerFactoryCustomizerAutoConfiguration,org.springframework.boot.autoconfigure.web.servlet.HttpEncodingAutoConfiguration,characterEncodingFilter,localeCharsetMappingsCustomizer,org.springframework.boot.autoconfigure.web.servlet.MultipartAutoConfiguration,multipartConfigElement,multipartResolver,spring.servlet.multipart-org.springframework.boot.autoconfigure.web.servlet.MultipartProperties,org.springframework.ws.config.annotation.DelegatingWsConfiguration,payloadRootAnnotationMethodEndpointMapping,soapActionAnnotationMethodEndpointMapping,annotationActionEndpointMapping,defaultMethodEndpointAdapter,soapFaultAnnotationExceptionResolver,simpleSoapExceptionResolver,org.springframework.boot.autoconfigure.webservices.WebServicesAutoConfiguration$WsConfiguration,org.springframework.boot.autoconfigure.webservices.WebServicesAutoConfiguration,messageDispatcherServlet,spring.webservices-org.springframework.boot.autoconfigure.webservices.WebServicesProperties,org.springframework.boot.autoconfigure.webservices.client.WebServiceTemplateAutoConfiguration,webServiceTemplateBuilder,org.springframework.boot.autoconfigure.websocket.servlet.WebSocketMessagingAutoConfiguration,adminDeleteArticleMapper,adminDeleteCommentMapper,adminDeleteQuestionMapper,adminMapper,adminUserMuteMapper,articleMapper,commentMapper,conversationMapper,draftMapper,favouriteItemMapper,favouriteMapper,historyMapper,informMapper,informViewMapper,messageMapper,questionMapper,questionTopicMapper,subMapper,topicMapper,userArticleDislikeMapper,userArticleLikeMapper,userCommentLikeMapper,userFollowMapper,userMapper,userTopicMapper]; root of factory hierarchy
2024-11-06 12:01:57.948 [SpringApplicationShutdownHook] TRACE o.s.b.f.s.DisposableBeanAdapter - Invoking destroy() on bean with name 'redisKeyValueTemplate'
2024-11-06 12:01:57.948 [SpringApplicationShutdownHook] TRACE o.s.b.f.s.DisposableBeanAdapter - Invoking destroy() on bean with name 'redisKeyValueAdapter'
2024-11-06 12:01:57.948 [SpringApplicationShutdownHook] DEBUG o.s.d.r.l.RedisMessageListenerContainer - Stopped RedisMessageListenerContainer
2024-11-06 12:01:57.948 [SpringApplicationShutdownHook] TRACE o.s.b.f.s.DisposableBeanAdapter - Invoking destroy() on bean with name 'springApplicationAdminRegistrar'
2024-11-06 12:01:57.948 [SpringApplicationShutdownHook] TRACE o.s.b.f.s.DisposableBeanAdapter - Invoking destroy() on bean with name 'mbeanExporter'
2024-11-06 12:01:57.948 [SpringApplicationShutdownHook] DEBUG o.s.j.e.a.AnnotationMBeanExporter - Unregistering JMX-exposed beans on shutdown
2024-11-06 12:01:57.948 [SpringApplicationShutdownHook] DEBUG o.s.j.e.a.AnnotationMBeanExporter - Unregistering JMX-exposed beans
2024-11-06 12:01:57.948 [SpringApplicationShutdownHook] TRACE o.s.b.f.s.DefaultListableBeanFactory - Retrieved dependent beans for bean 'mvcResourceUrlProvider': [requestMappingHandlerMapping, welcomePageHandlerMapping, viewControllerHandlerMapping, beanNameHandlerMapping, routerFunctionMapping, resourceHandlerMapping]
2024-11-06 12:01:57.948 [SpringApplicationShutdownHook] TRACE o.s.b.f.s.DisposableBeanAdapter - Invoking destroy() on bean with name 'taskExecutor'
2024-11-06 12:01:57.948 [SpringApplicationShutdownHook] DEBUG o.s.s.c.ThreadPoolTaskExecutor - Shutting down ExecutorService 'taskExecutor'
2024-11-06 12:01:57.949 [SpringApplicationShutdownHook] TRACE o.s.b.f.s.DefaultListableBeanFactory - Retrieved dependent beans for bean 'redisMessageListenerContainer': [redisMessageSubscriber, redisMessageListener]
2024-11-06 12:01:57.949 [SpringApplicationShutdownHook] TRACE o.s.b.f.s.DefaultListableBeanFactory - Retrieved dependent beans for bean 'redisMessageSubscriber': [userServiceImpl, userController, appStartupRunner]
2024-11-06 12:01:57.949 [SpringApplicationShutdownHook] TRACE o.s.b.f.s.DefaultListableBeanFactory - Retrieved dependent beans for bean 'userServiceImpl': [userController]
2024-11-06 12:01:57.949 [SpringApplicationShutdownHook] TRACE o.s.b.f.s.DisposableBeanAdapter - Invoking destroy() on bean with name 'redisMessageListenerContainer'
2024-11-06 12:01:57.949 [SpringApplicationShutdownHook] DEBUG o.s.d.r.l.RedisMessageListenerContainer - Stopped RedisMessageListenerContainer
2024-11-06 12:01:57.949 [SpringApplicationShutdownHook] TRACE o.s.b.f.s.DefaultListableBeanFactory - Retrieved dependent beans for bean 'redisConnectionFactory': [redisTemplate, stringRedisTemplate, reactiveRedisTemplate, reactiveStringRedisTemplate]
2024-11-06 12:01:57.949 [SpringApplicationShutdownHook] TRACE o.s.b.f.s.DefaultListableBeanFactory - Retrieved dependent beans for bean 'redisTemplate': [redisMessagePublisher, redisReferenceResolver]
2024-11-06 12:01:57.949 [SpringApplicationShutdownHook] TRACE o.s.b.f.s.DefaultListableBeanFactory - Retrieved dependent beans for bean 'redisMessagePublisher': [adminDeleteArticleServiceImpl, adminDeleteQuestionServiceImpl, articleServiceImpl, commentServiceImpl]
2024-11-06 12:01:57.949 [SpringApplicationShutdownHook] TRACE o.s.b.f.s.DefaultListableBeanFactory - Retrieved dependent beans for bean 'adminDeleteArticleServiceImpl': [adminDeleteArticleController]
2024-11-06 12:01:57.949 [SpringApplicationShutdownHook] TRACE o.s.b.f.s.DefaultListableBeanFactory - Retrieved dependent beans for bean 'adminDeleteQuestionServiceImpl': [adminDeleteQuestionController]
2024-11-06 12:01:57.949 [SpringApplicationShutdownHook] TRACE o.s.b.f.s.DefaultListableBeanFactory - Retrieved dependent beans for bean 'articleServiceImpl': [articleController]
2024-11-06 12:01:57.949 [SpringApplicationShutdownHook] TRACE o.s.b.f.s.DefaultListableBeanFactory - Retrieved dependent beans for bean 'commentServiceImpl': [commentController]
2024-11-06 12:01:57.949 [SpringApplicationShutdownHook] TRACE o.s.b.f.s.DefaultListableBeanFactory - Retrieved dependent beans for bean 'redisReferenceResolver': [redisConverter]
2024-11-06 12:01:57.949 [SpringApplicationShutdownHook] TRACE o.s.b.f.s.DefaultListableBeanFactory - Retrieved dependent beans for bean 'stringRedisTemplate': [messageServiceImpl, redisServiceImpl]
2024-11-06 12:01:57.949 [SpringApplicationShutdownHook] TRACE o.s.b.f.s.DefaultListableBeanFactory - Retrieved dependent beans for bean 'messageServiceImpl': [messageController]
2024-11-06 12:01:57.949 [SpringApplicationShutdownHook] TRACE o.s.b.f.s.DisposableBeanAdapter - Invoking destroy() on bean with name 'redisConnectionFactory'
2024-11-06 12:01:57.950 [SpringApplicationShutdownHook] DEBUG io.lettuce.core.RedisChannelHandler - closeAsync()
2024-11-06 12:01:57.950 [SpringApplicationShutdownHook] DEBUG i.l.core.protocol.DefaultEndpoint - [channel=0x4d18ff96, /127.0.0.1:64388 -> localhost/127.0.0.1:6379, epid=0x1] closeAsync()
2024-11-06 12:01:57.951 [SpringApplicationShutdownHook] DEBUG io.lettuce.core.AbstractRedisClient - Initiate shutdown (100, 100, MILLISECONDS)
2024-11-06 12:01:57.951 [lettuce-nioEventLoop-4-1] DEBUG i.l.core.protocol.CommandHandler - [channel=0x4d18ff96, /127.0.0.1:64388 -> localhost/127.0.0.1:6379, epid=0x1, chid=0x1] channelInactive()
2024-11-06 12:01:57.951 [lettuce-nioEventLoop-4-1] DEBUG i.l.core.protocol.DefaultEndpoint - [channel=0x4d18ff96, /127.0.0.1:64388 -> localhost/127.0.0.1:6379, epid=0x1] deactivating endpoint handler
2024-11-06 12:01:57.951 [lettuce-nioEventLoop-4-1] DEBUG i.l.core.protocol.CommandHandler - [channel=0x4d18ff96, /127.0.0.1:64388 -> localhost/127.0.0.1:6379, epid=0x1, chid=0x1] channelInactive() done
2024-11-06 12:01:57.951 [lettuce-nioEventLoop-4-1] DEBUG i.l.core.protocol.ConnectionWatchdog - [channel=0x4d18ff96, /127.0.0.1:64388 -> localhost/127.0.0.1:6379, last known addr=localhost/127.0.0.1:6379] channelInactive()
2024-11-06 12:01:57.951 [lettuce-nioEventLoop-4-1] DEBUG i.l.core.protocol.ConnectionWatchdog - [channel=0x4d18ff96, /127.0.0.1:64388 -> localhost/127.0.0.1:6379, last known addr=localhost/127.0.0.1:6379] Reconnect scheduling disabled
2024-11-06 12:01:57.951 [lettuce-nioEventLoop-4-1] DEBUG i.l.core.protocol.CommandHandler - [channel=0x4d18ff96, /127.0.0.1:64388 -> localhost/127.0.0.1:6379, epid=0x1, chid=0x1] channelUnregistered()
2024-11-06 12:01:57.953 [SpringApplicationShutdownHook] DEBUG i.l.c.r.DefaultEventLoopGroupProvider - Release executor io.netty.channel.nio.NioEventLoopGroup@2c0d84a5
2024-11-06 12:01:57.953 [lettuce-nioEventLoop-4-2] DEBUG io.netty.buffer.PoolThreadCache - Freed 5 thread-local buffer(s) from thread: lettuce-nioEventLoop-4-2
2024-11-06 12:01:58.060 [lettuce-nioEventLoop-4-1] DEBUG io.netty.buffer.PoolThreadCache - Freed 3 thread-local buffer(s) from thread: lettuce-nioEventLoop-4-1
2024-11-06 12:01:58.064 [SpringApplicationShutdownHook] TRACE o.s.b.f.s.DisposableBeanAdapter - Invoking custom destroy method 'shutdown' on bean with name 'lettuceClientResources'
2024-11-06 12:01:58.064 [SpringApplicationShutdownHook] DEBUG i.l.c.r.DefaultClientResources - Initiate shutdown (0, 2, SECONDS)
2024-11-06 12:01:58.066 [SpringApplicationShutdownHook] DEBUG i.l.c.r.DefaultEventLoopGroupProvider - Initiate shutdown (0, 2, SECONDS)
2024-11-06 12:01:58.067 [SpringApplicationShutdownHook] TRACE o.s.b.f.s.DefaultListableBeanFactory - Retrieved dependent beans for bean 'sqlSessionTemplate': [adminMapper, adminDeleteArticleMapper, articleMapper, questionMapper, userMapper, informMapper, informViewMapper, commentMapper, adminDeleteCommentMapper, adminDeleteQuestionMapper, adminUserMuteMapper, userArticleLikeMapper, userArticleDislikeMapper, userCommentLikeMapper, conversationMapper, messageMapper, draftMapper, favouriteMapper, favouriteItemMapper, historyMapper, topicMapper, questionTopicMapper, userTopicMapper, subMapper, userFollowMapper]
2024-11-06 12:01:58.068 [SpringApplicationShutdownHook] TRACE o.s.b.f.s.DefaultListableBeanFactory - Retrieved dependent beans for bean 'adminMapper': [adminServiceImpl, adminDeleteCommentServiceImpl, adminUserMuteServiceImpl]
2024-11-06 12:01:58.069 [SpringApplicationShutdownHook] TRACE o.s.b.f.s.DefaultListableBeanFactory - Retrieved dependent beans for bean 'adminServiceImpl': [adminController]
2024-11-06 12:01:58.069 [SpringApplicationShutdownHook] TRACE o.s.b.f.s.DefaultListableBeanFactory - Retrieved dependent beans for bean 'adminDeleteCommentServiceImpl': [adminDeleteCommentController]
2024-11-06 12:01:58.069 [SpringApplicationShutdownHook] TRACE o.s.b.f.s.DefaultListableBeanFactory - Retrieved dependent beans for bean 'adminUserMuteServiceImpl': [adminUserMuteController, questionController]
2024-11-06 12:01:58.069 [SpringApplicationShutdownHook] TRACE o.s.b.f.s.DefaultListableBeanFactory - Retrieved dependent beans for bean 'articleMapper': [favouriteItemServiceImpl, historyServiceImpl]
2024-11-06 12:01:58.069 [SpringApplicationShutdownHook] TRACE o.s.b.f.s.DefaultListableBeanFactory - Retrieved dependent beans for bean 'favouriteItemServiceImpl': [favouriteItemController]
2024-11-06 12:01:58.069 [SpringApplicationShutdownHook] TRACE o.s.b.f.s.DefaultListableBeanFactory - Retrieved dependent beans for bean 'historyServiceImpl': [historyController]
2024-11-06 12:01:58.069 [SpringApplicationShutdownHook] TRACE o.s.b.f.s.DefaultListableBeanFactory - Retrieved dependent beans for bean 'questionMapper': [draftServiceImpl, questionServiceImpl]
2024-11-06 12:01:58.069 [SpringApplicationShutdownHook] TRACE o.s.b.f.s.DefaultListableBeanFactory - Retrieved dependent beans for bean 'draftServiceImpl': [draftController]
2024-11-06 12:01:58.070 [SpringApplicationShutdownHook] TRACE o.s.b.f.s.DefaultListableBeanFactory - Retrieved dependent beans for bean 'userMapper': [informServiceImpl, conversationServiceImpl, favouriteServiceImpl, userFollowServiceImpl, userTopicServiceImpl]
2024-11-06 12:01:58.070 [SpringApplicationShutdownHook] TRACE o.s.b.f.s.DefaultListableBeanFactory - Retrieved dependent beans for bean 'informServiceImpl': [informController]
2024-11-06 12:01:58.070 [SpringApplicationShutdownHook] TRACE o.s.b.f.s.DefaultListableBeanFactory - Retrieved dependent beans for bean 'conversationServiceImpl': [conversationController]
2024-11-06 12:01:58.070 [SpringApplicationShutdownHook] TRACE o.s.b.f.s.DefaultListableBeanFactory - Retrieved dependent beans for bean 'favouriteServiceImpl': [favouriteController]
2024-11-06 12:01:58.070 [SpringApplicationShutdownHook] TRACE o.s.b.f.s.DefaultListableBeanFactory - Retrieved dependent beans for bean 'userFollowServiceImpl': [userFollowController]
2024-11-06 12:01:58.070 [SpringApplicationShutdownHook] TRACE o.s.b.f.s.DefaultListableBeanFactory - Retrieved dependent beans for bean 'userTopicServiceImpl': [userTopicController]
2024-11-06 12:01:58.070 [SpringApplicationShutdownHook] TRACE o.s.b.f.s.DefaultListableBeanFactory - Retrieved dependent beans for bean 'subMapper': [subServiceImpl]
2024-11-06 12:01:58.071 [SpringApplicationShutdownHook] TRACE o.s.b.f.s.DisposableBeanAdapter - Invoking destroy() on bean with name 'sqlSessionTemplate'
2024-11-06 12:01:58.071 [SpringApplicationShutdownHook] TRACE o.s.b.f.s.DefaultListableBeanFactory - Retrieved dependent beans for bean 'dataSource': [sqlSessionFactory, org.springframework.boot.autoconfigure.jdbc.DataSourceJmxConfiguration$Hikari, dataSourceScriptDatabaseInitializer, jdbcTemplate, transactionManager]
2024-11-06 12:01:58.071 [SpringApplicationShutdownHook] TRACE o.s.b.f.s.DefaultListableBeanFactory - Retrieved dependent beans for bean 'dataSourceScriptDatabaseInitializer': [jdbcTemplate, namedParameterJdbcTemplate]
2024-11-06 12:01:58.071 [SpringApplicationShutdownHook] TRACE o.s.b.f.s.DefaultListableBeanFactory - Retrieved dependent beans for bean 'jdbcTemplate': [namedParameterJdbcTemplate]
2024-11-06 12:01:58.071 [SpringApplicationShutdownHook] TRACE o.s.b.f.s.DefaultListableBeanFactory - Retrieved dependent beans for bean 'transactionManager': [transactionTemplate]
2024-11-06 12:01:58.071 [SpringApplicationShutdownHook] TRACE o.s.b.f.s.DisposableBeanAdapter - Invoking close() on bean with name 'dataSource'
2024-11-06 12:01:58.071 [SpringApplicationShutdownHook] INFO  com.zaxxer.hikari.HikariDataSource - HikariPool-1 - Shutdown initiated...
2024-11-06 12:01:58.071 [SpringApplicationShutdownHook] DEBUG com.zaxxer.hikari.pool.HikariPool - HikariPool-1 - Before shutdown stats (total=10, active=0, idle=10, waiting=0)
2024-11-06 12:01:58.072 [HikariPool-1 connection closer] DEBUG com.zaxxer.hikari.pool.PoolBase - HikariPool-1 - Closing connection com.mysql.cj.jdbc.ConnectionImpl@721d5b74: (connection evicted)
2024-11-06 12:01:58.073 [HikariPool-1 connection closer] DEBUG com.zaxxer.hikari.pool.PoolBase - HikariPool-1 - Closing connection com.mysql.cj.jdbc.ConnectionImpl@49bab63: (connection evicted)
2024-11-06 12:01:58.073 [HikariPool-1 connection closer] DEBUG com.zaxxer.hikari.pool.PoolBase - HikariPool-1 - Closing connection com.mysql.cj.jdbc.ConnectionImpl@70928239: (connection evicted)
2024-11-06 12:01:58.073 [HikariPool-1 connection closer] DEBUG com.zaxxer.hikari.pool.PoolBase - HikariPool-1 - Closing connection com.mysql.cj.jdbc.ConnectionImpl@21b6dadb: (connection evicted)
2024-11-06 12:01:58.074 [HikariPool-1 connection closer] DEBUG com.zaxxer.hikari.pool.PoolBase - HikariPool-1 - Closing connection com.mysql.cj.jdbc.ConnectionImpl@328f6354: (connection evicted)
2024-11-06 12:01:58.074 [HikariPool-1 connection closer] DEBUG com.zaxxer.hikari.pool.PoolBase - HikariPool-1 - Closing connection com.mysql.cj.jdbc.ConnectionImpl@564a1fc9: (connection evicted)
2024-11-06 12:01:58.074 [HikariPool-1 connection closer] DEBUG com.zaxxer.hikari.pool.PoolBase - HikariPool-1 - Closing connection com.mysql.cj.jdbc.ConnectionImpl@36f2610b: (connection evicted)
2024-11-06 12:01:58.075 [HikariPool-1 connection closer] DEBUG com.zaxxer.hikari.pool.PoolBase - HikariPool-1 - Closing connection com.mysql.cj.jdbc.ConnectionImpl@2760bf6e: (connection evicted)
2024-11-06 12:01:58.075 [HikariPool-1 connection closer] DEBUG com.zaxxer.hikari.pool.PoolBase - HikariPool-1 - Closing connection com.mysql.cj.jdbc.ConnectionImpl@31ac536e: (connection evicted)
2024-11-06 12:01:58.075 [HikariPool-1 connection closer] DEBUG com.zaxxer.hikari.pool.PoolBase - HikariPool-1 - Closing connection com.mysql.cj.jdbc.ConnectionImpl@67756e58: (connection evicted)
2024-11-06 12:01:58.075 [SpringApplicationShutdownHook] DEBUG com.zaxxer.hikari.pool.HikariPool - HikariPool-1 - After shutdown stats (total=0, active=0, idle=0, waiting=0)
2024-11-06 12:01:58.075 [SpringApplicationShutdownHook] INFO  com.zaxxer.hikari.HikariDataSource - HikariPool-1 - Shutdown completed.
2024-11-06 12:01:58.076 [SpringApplicationShutdownHook] TRACE o.s.b.f.s.DisposableBeanAdapter - Invoking destroy() on bean with name 'characterEncodingFilter'
2024-11-06 12:01:58.076 [SpringApplicationShutdownHook] TRACE o.s.b.f.s.DisposableBeanAdapter - Invoking destroy() on bean with name 'formContentFilter'
2024-11-06 12:01:58.076 [SpringApplicationShutdownHook] TRACE o.s.b.f.s.DisposableBeanAdapter - Invoking destroy() on bean with name 'requestContextFilter'
2024-11-06 12:01:58.076 [SpringApplicationShutdownHook] TRACE o.s.b.f.s.DefaultListableBeanFactory - Retrieved dependent beans for bean 'org.springframework.boot.autoconfigure.internalCachingMetadataReaderFactory': [org.springframework.context.annotation.internalConfigurationAnnotationProcessor]
